<html>
<head>
<title>TestNG:  Default test</title>
<link href="../testng.css" rel="stylesheet" type="text/css" />
<link href="../my-testng.css" rel="stylesheet" type="text/css" />

<style type="text/css">
.log { display: none;} 
.stack-trace { display: none;} 
</style>
<script type="text/javascript">
<!--
function flip(e) {
  current = e.style.display;
  if (current == 'block') {
    e.style.display = 'none';
    return 0;
  }
  else {
    e.style.display = 'block';
    return 1;
  }
}

function toggleBox(szDivId, elem, msg1, msg2)
{
  var res = -1;  if (document.getElementById) {
    res = flip(document.getElementById(szDivId));
  }
  else if (document.all) {
    // this is the way old msie versions work
    res = flip(document.all[szDivId]);
  }
  if(elem) {
    if(res == 0) elem.innerHTML = msg1; else elem.innerHTML = msg2;
  }

}

function toggleAllBoxes() {
  if (document.getElementsByTagName) {
    d = document.getElementsByTagName('div');
    for (i = 0; i < d.length; i++) {
      if (d[i].className == 'log') {
        flip(d[i]);
      }
    }
  }
}

// -->
</script>

</head>
<body>
<h2 align='center'>Default test</h2><table border='1' align="center">
<tr>
<td>Tests passed/Failed/Skipped:</td><td>37/1/0</td>
</tr><tr>
<td>Started on:</td><td>Tue Sep 09 12:14:05 IST 2025</td>
</tr>
<tr><td>Total time:</td><td>49 seconds (49030 ms)</td>
</tr><tr>
<td>Included groups:</td><td></td>
</tr><tr>
<td>Excluded groups:</td><td></td>
</tr>
</table><p/>
<small><i>(Hover the method name to see the test class name)</i></small><p/>
<table width='100%' border='1' class='invocation-failed'>
<tr><td colspan='4' align='center'><b>FAILED TESTS</b></td></tr>
<tr><td><b>Test method</b></td>
<td><b>Attribute(s)</b></td>
<td width="30%"><b>Exception</b></td>
<td width="10%"><b>Time (seconds)</b></td>
<td><b>Instance</b></td>
</tr>
<tr>
<td title='test.BagistoStepByStepTest.clickSaveAddressBtn()'><b>clickSaveAddressBtn</b><br>Test class: test.BagistoStepByStepTest</td>
<td><div><pre>org.openqa.selenium.TimeoutException: Expected condition failed: waiting for element to be clickable: By.xpath: //button[contains(text(),&apos;Saves&apos;)] (tried for 15 second(s) with 500 milliseconds interval)
Build info: version: &apos;4.34.0&apos;, revision: &apos;707dcb4246*&apos;
System info: os.name: &apos;Windows 11&apos;, os.arch: &apos;amd64&apos;, os.version: &apos;10.0&apos;, java.version: &apos;21.0.7&apos;
Driver info: org.openqa.selenium.chrome.ChromeDriver
Capabilities {acceptInsecureCerts: false, browserName: chrome, browserVersion: 139.0.7258.157, chrome: {chromedriverVersion: 139.0.7258.154 (9e0d6b2b47f..., userDataDir: C:\Users\deept\AppData\Loca...}, fedcm:accounts: true, goog:chromeOptions: {debuggerAddress: localhost:53320}, networkConnectionEnabled: false, pageLoadStrategy: normal, platformName: windows, proxy: Proxy(), se:cdp: ws://localhost:53320/devtoo..., se:cdpVersion: 139.0.7258.157, setWindowRect: true, strictFileInteractability: false, timeouts: {implicit: 0, pageLoad: 300000, script: 30000}, unhandledPromptBehavior: dismiss and notify, webauthn:extension:credBlob: true, webauthn:extension:largeBlob: true, webauthn:extension:minPinLength: true, webauthn:extension:prf: true, webauthn:virtualAuthenticators: true}
Session ID: a44571dac6dd08408741527e283e3eae
	at org.openqa.selenium.support.ui.WebDriverWait.timeoutException(WebDriverWait.java:84)
	at org.openqa.selenium.support.ui.FluentWait.until(FluentWait.java:228)
	at pages.AddressPage.clickSaveBtn(AddressPage.java:117)
	at test.BagistoStepByStepTest.clickSaveAddressBtn(BagistoStepByStepTest.java:206)
	at java.base/jdk.internal.reflect.DirectMethodHandleAccessor.invoke(DirectMethodHandleAccessor.java:103)
	at java.base/java.lang.reflect.Method.invoke(Method.java:580)
	at org.testng.internal.invokers.MethodInvocationHelper.invokeMethod(MethodInvocationHelper.java:141)
	at org.testng.internal.invokers.TestInvoker.invokeMethod(TestInvoker.java:687)
	at org.testng.internal.invokers.TestInvoker.invokeTestMethod(TestInvoker.java:230)
	at org.testng.internal.invokers.MethodRunner.runInSequence(MethodRunner.java:63)
	at org.testng.internal.invokers.TestInvoker$MethodInvocationAgent.invoke(TestInvoker.java:995)
	at org.testng.internal.invokers.TestInvoker.invokeTestMethods(TestInvoker.java:203)
	at org.testng.internal.invokers.TestMethodWorker.invokeTestMethods(TestMethodWorker.java:154)
	at org.testng.internal.invokers.TestMethodWorker.run(TestMethodWorker.java:134)
	at java.base/java.util.ArrayList.forEach(ArrayList.java:1596)
	at org.testng.TestRunner.privateRun(TestRunner.java:741)
	at org.testng.TestRunner.run(TestRunner.java:616)
	at org.testng.SuiteRunner.runTest(SuiteRunner.java:421)
	at org.testng.SuiteRunner.runSequentially(SuiteRunner.java:413)
	at org.testng.SuiteRunner.privateRun(SuiteRunner.java:373)
	at org.testng.SuiteRunner.run(SuiteRunner.java:312)
	at org.testng.SuiteRunnerWorker.runSuite(SuiteRunnerWorker.java:52)
	at org.testng.SuiteRunnerWorker.run(SuiteRunnerWorker.java:95)
	at org.testng.TestNG.runSuitesSequentially(TestNG.java:1274)
	at org.testng.TestNG.runSuitesLocally(TestNG.java:1208)
	at org.testng.TestNG.runSuites(TestNG.java:1112)
	at org.testng.TestNG.run(TestNG.java:1079)
	at org.testng.remote.AbstractRemoteTestNG.run(AbstractRemoteTestNG.java:115)
	at org.testng.remote.RemoteTestNG.initAndRun(RemoteTestNG.java:293)
	at org.testng.remote.RemoteTestNG.main(RemoteTestNG.java:91)
</pre></div><a href='#' onClick='toggleBox("stack-trace1286771084", this, "Click to show all stack frames", "Click to hide stack frames")'>Click to show all stack frames</a>
<div class='stack-trace' id='stack-trace1286771084'><pre>org.openqa.selenium.TimeoutException: Expected condition failed: waiting for element to be clickable: By.xpath: //button[contains(text(),&apos;Saves&apos;)] (tried for 15 second(s) with 500 milliseconds interval)
Build info: version: &apos;4.34.0&apos;, revision: &apos;707dcb4246*&apos;
System info: os.name: &apos;Windows 11&apos;, os.arch: &apos;amd64&apos;, os.version: &apos;10.0&apos;, java.version: &apos;21.0.7&apos;
Driver info: org.openqa.selenium.chrome.ChromeDriver
Capabilities {acceptInsecureCerts: false, browserName: chrome, browserVersion: 139.0.7258.157, chrome: {chromedriverVersion: 139.0.7258.154 (9e0d6b2b47f..., userDataDir: C:\Users\deept\AppData\Loca...}, fedcm:accounts: true, goog:chromeOptions: {debuggerAddress: localhost:53320}, networkConnectionEnabled: false, pageLoadStrategy: normal, platformName: windows, proxy: Proxy(), se:cdp: ws://localhost:53320/devtoo..., se:cdpVersion: 139.0.7258.157, setWindowRect: true, strictFileInteractability: false, timeouts: {implicit: 0, pageLoad: 300000, script: 30000}, unhandledPromptBehavior: dismiss and notify, webauthn:extension:credBlob: true, webauthn:extension:largeBlob: true, webauthn:extension:minPinLength: true, webauthn:extension:prf: true, webauthn:virtualAuthenticators: true}
Session ID: a44571dac6dd08408741527e283e3eae
	at org.openqa.selenium.support.ui.WebDriverWait.timeoutException(WebDriverWait.java:84)
	at org.openqa.selenium.support.ui.FluentWait.until(FluentWait.java:228)
	at pages.AddressPage.clickSaveBtn(AddressPage.java:117)
	at test.BagistoStepByStepTest.clickSaveAddressBtn(BagistoStepByStepTest.java:206)
	at java.base/jdk.internal.reflect.DirectMethodHandleAccessor.invoke(DirectMethodHandleAccessor.java:103)
	at java.base/java.lang.reflect.Method.invoke(Method.java:580)
	at org.testng.internal.invokers.MethodInvocationHelper.invokeMethod(MethodInvocationHelper.java:141)
	at org.testng.internal.invokers.TestInvoker.invokeMethod(TestInvoker.java:687)
	at org.testng.internal.invokers.TestInvoker.invokeTestMethod(TestInvoker.java:230)
	at org.testng.internal.invokers.MethodRunner.runInSequence(MethodRunner.java:63)
	at org.testng.internal.invokers.TestInvoker$MethodInvocationAgent.invoke(TestInvoker.java:995)
	at org.testng.internal.invokers.TestInvoker.invokeTestMethods(TestInvoker.java:203)
	at org.testng.internal.invokers.TestMethodWorker.invokeTestMethods(TestMethodWorker.java:154)
	at org.testng.internal.invokers.TestMethodWorker.run(TestMethodWorker.java:134)
	at java.base/java.util.ArrayList.forEach(ArrayList.java:1596)
	at org.testng.TestRunner.privateRun(TestRunner.java:741)
	at org.testng.TestRunner.run(TestRunner.java:616)
	at org.testng.SuiteRunner.runTest(SuiteRunner.java:421)
	at org.testng.SuiteRunner.runSequentially(SuiteRunner.java:413)
	at org.testng.SuiteRunner.privateRun(SuiteRunner.java:373)
	at org.testng.SuiteRunner.run(SuiteRunner.java:312)
	at org.testng.SuiteRunnerWorker.runSuite(SuiteRunnerWorker.java:52)
	at org.testng.SuiteRunnerWorker.run(SuiteRunnerWorker.java:95)
	at org.testng.TestNG.runSuitesSequentially(TestNG.java:1274)
	at org.testng.TestNG.runSuitesLocally(TestNG.java:1208)
	at org.testng.TestNG.runSuites(TestNG.java:1112)
	at org.testng.TestNG.run(TestNG.java:1079)
	at org.testng.remote.AbstractRemoteTestNG.run(AbstractRemoteTestNG.java:115)
	at org.testng.remote.RemoteTestNG.initAndRun(RemoteTestNG.java:293)
	at org.testng.remote.RemoteTestNG.main(RemoteTestNG.java:91)
</pre></div></td>
<td>15</td>
<td>test.BagistoStepByStepTest@6f4a47c7</td></tr>
</table><p>
<table width='100%' border='1' class='invocation-passed'>
<tr><td colspan='4' align='center'><b>PASSED TESTS</b></td></tr>
<tr><td><b>Test method</b></td>
<td><b>Attribute(s)</b></td>
<td width="30%"><b>Exception</b></td>
<td width="10%"><b>Time (seconds)</b></td>
<td><b>Instance</b></td>
</tr>
<tr>
<td title='test.BagistoStepByStepTest.clickFirstSearchResult()'><b>clickFirstSearchResult</b><br>Test class: test.BagistoStepByStepTest</td>
<td></td>
<td>2</td>
<td>test.BagistoStepByStepTest@6f4a47c7</td></tr>
<tr>
<td title='test.BagistoStepByStepTest.clickAddAddressBtn()'><b>clickAddAddressBtn</b><br>Test class: test.BagistoStepByStepTest</td>
<td></td>
<td>1</td>
<td>test.BagistoStepByStepTest@6f4a47c7</td></tr>
<tr>
<td title='test.BagistoStepByStepTest.waitForDeleteIcon()'><b>waitForDeleteIcon</b><br>Test class: test.BagistoStepByStepTest</td>
<td></td>
<td>0</td>
<td>test.BagistoStepByStepTest@6f4a47c7</td></tr>
<tr>
<td title='test.BagistoStepByStepTest.enterCustomerEmail()'><b>enterCustomerEmail</b><br>Test class: test.BagistoStepByStepTest</td>
<td></td>
<td>0</td>
<td>test.BagistoStepByStepTest@6f4a47c7</td></tr>
<tr>
<td title='test.BagistoStepByStepTest.enableDarkMode()'><b>enableDarkMode</b><br>Test class: test.BagistoStepByStepTest</td>
<td></td>
<td>2</td>
<td>test.BagistoStepByStepTest@6f4a47c7</td></tr>
<tr>
<td title='test.BagistoStepByStepTest.selectState()'><b>selectState</b><br>Test class: test.BagistoStepByStepTest</td>
<td></td>
<td>0</td>
<td>test.BagistoStepByStepTest@6f4a47c7</td></tr>
<tr>
<td title='test.BagistoStepByStepTest.openCalendar()'><b>openCalendar</b><br>Test class: test.BagistoStepByStepTest</td>
<td></td>
<td>0</td>
<td>test.BagistoStepByStepTest@6f4a47c7</td></tr>
<tr>
<td title='test.BagistoStepByStepTest.clickAddress()'><b>clickAddress</b><br>Test class: test.BagistoStepByStepTest</td>
<td></td>
<td>3</td>
<td>test.BagistoStepByStepTest@6f4a47c7</td></tr>
<tr>
<td title='test.BagistoStepByStepTest.enterAddressFirstName()'><b>enterAddressFirstName</b><br>Test class: test.BagistoStepByStepTest</td>
<td></td>
<td>0</td>
<td>test.BagistoStepByStepTest@6f4a47c7</td></tr>
<tr>
<td title='test.BagistoStepByStepTest.clickAgreeBtn()'><b>clickAgreeBtn</b><br>Test class: test.BagistoStepByStepTest</td>
<td></td>
<td>2</td>
<td>test.BagistoStepByStepTest@6f4a47c7</td></tr>
<tr>
<td title='test.BagistoStepByStepTest.enterFirstName()'><b>enterFirstName</b><br>Test class: test.BagistoStepByStepTest</td>
<td></td>
<td>0</td>
<td>test.BagistoStepByStepTest@6f4a47c7</td></tr>
<tr>
<td title='test.BagistoStepByStepTest.clickSignIn()'><b>clickSignIn</b><br>Test class: test.BagistoStepByStepTest</td>
<td></td>
<td>0</td>
<td>test.BagistoStepByStepTest@6f4a47c7</td></tr>
<tr>
<td title='test.BagistoStepByStepTest.enterStreetAddress()'><b>enterStreetAddress</b><br>Test class: test.BagistoStepByStepTest</td>
<td></td>
<td>0</td>
<td>test.BagistoStepByStepTest@6f4a47c7</td></tr>
<tr>
<td title='test.BagistoStepByStepTest.selectGender()'><b>selectGender</b><br>Test class: test.BagistoStepByStepTest</td>
<td></td>
<td>0</td>
<td>test.BagistoStepByStepTest@6f4a47c7</td></tr>
<tr>
<td title='test.BagistoStepByStepTest.clickCustomersDiv()'><b>clickCustomersDiv</b><br>Test class: test.BagistoStepByStepTest</td>
<td></td>
<td>0</td>
<td>test.BagistoStepByStepTest@6f4a47c7</td></tr>
<tr>
<td title='test.BagistoStepByStepTest.enterEmail()'><b>enterEmail</b><br>Test class: test.BagistoStepByStepTest</td>
<td></td>
<td>0</td>
<td>test.BagistoStepByStepTest@6f4a47c7</td></tr>
<tr>
<td title='test.BagistoStepByStepTest.openNotifications()'><b>openNotifications</b><br>Test class: test.BagistoStepByStepTest</td>
<td></td>
<td>0</td>
<td>test.BagistoStepByStepTest@6f4a47c7</td></tr>
<tr>
<td title='test.BagistoStepByStepTest.selectCountry()'><b>selectCountry</b><br>Test class: test.BagistoStepByStepTest</td>
<td></td>
<td>0</td>
<td>test.BagistoStepByStepTest@6f4a47c7</td></tr>
<tr>
<td title='test.BagistoStepByStepTest.clickDeleteIcon()'><b>clickDeleteIcon</b><br>Test class: test.BagistoStepByStepTest</td>
<td></td>
<td>0</td>
<td>test.BagistoStepByStepTest@6f4a47c7</td></tr>
<tr>
<td title='test.BagistoStepByStepTest.clickCustomersSubMenu()'><b>clickCustomersSubMenu</b><br>Test class: test.BagistoStepByStepTest</td>
<td></td>
<td>1</td>
<td>test.BagistoStepByStepTest@6f4a47c7</td></tr>
<tr>
<td title='test.BagistoStepByStepTest.enterLastName()'><b>enterLastName</b><br>Test class: test.BagistoStepByStepTest</td>
<td></td>
<td>0</td>
<td>test.BagistoStepByStepTest@6f4a47c7</td></tr>
<tr>
<td title='test.BagistoStepByStepTest.goToCustomersMenu()'><b>goToCustomersMenu</b><br>Test class: test.BagistoStepByStepTest</td>
<td></td>
<td>1</td>
<td>test.BagistoStepByStepTest@6f4a47c7</td></tr>
<tr>
<td title='test.BagistoStepByStepTest.enterCity()'><b>enterCity</b><br>Test class: test.BagistoStepByStepTest</td>
<td></td>
<td>0</td>
<td>test.BagistoStepByStepTest@6f4a47c7</td></tr>
<tr>
<td title='test.BagistoStepByStepTest.openAdminPanel()'><b>openAdminPanel</b><br>Test class: test.BagistoStepByStepTest</td>
<td></td>
<td>2</td>
<td>test.BagistoStepByStepTest@6f4a47c7</td></tr>
<tr>
<td title='test.BagistoStepByStepTest.searchCustomer()'><b>searchCustomer</b><br>Test class: test.BagistoStepByStepTest</td>
<td></td>
<td>3</td>
<td>test.BagistoStepByStepTest@6f4a47c7</td></tr>
<tr>
<td title='test.BagistoStepByStepTest.enterAddressLastName()'><b>enterAddressLastName</b><br>Test class: test.BagistoStepByStepTest</td>
<td></td>
<td>0</td>
<td>test.BagistoStepByStepTest@6f4a47c7</td></tr>
<tr>
<td title='test.BagistoStepByStepTest.selectToday()'><b>selectToday</b><br>Test class: test.BagistoStepByStepTest</td>
<td></td>
<td>0</td>
<td>test.BagistoStepByStepTest@6f4a47c7</td></tr>
<tr>
<td title='test.BagistoStepByStepTest.waitForSearchResults()'><b>waitForSearchResults</b><br>Test class: test.BagistoStepByStepTest</td>
<td></td>
<td>0</td>
<td>test.BagistoStepByStepTest@6f4a47c7</td></tr>
<tr>
<td title='test.BagistoStepByStepTest.enterPassword()'><b>enterPassword</b><br>Test class: test.BagistoStepByStepTest</td>
<td></td>
<td>0</td>
<td>test.BagistoStepByStepTest@6f4a47c7</td></tr>
<tr>
<td title='test.BagistoStepByStepTest.enterPostCode()'><b>enterPostCode</b><br>Test class: test.BagistoStepByStepTest</td>
<td></td>
<td>0</td>
<td>test.BagistoStepByStepTest@6f4a47c7</td></tr>
<tr>
<td title='test.BagistoStepByStepTest.enterPhone()'><b>enterPhone</b><br>Test class: test.BagistoStepByStepTest</td>
<td></td>
<td>0</td>
<td>test.BagistoStepByStepTest@6f4a47c7</td></tr>
<tr>
<td title='test.BagistoStepByStepTest.clickSaveCustomerBtn()'><b>clickSaveCustomerBtn</b><br>Test class: test.BagistoStepByStepTest</td>
<td></td>
<td>4</td>
<td>test.BagistoStepByStepTest@6f4a47c7</td></tr>
<tr>
<td title='test.BagistoStepByStepTest.clickNewCustomerLogin()'><b>clickNewCustomerLogin</b><br>Test class: test.BagistoStepByStepTest</td>
<td></td>
<td>0</td>
<td>test.BagistoStepByStepTest@6f4a47c7</td></tr>
<tr>
<td title='test.BagistoStepByStepTest.enterAddressEmail()'><b>enterAddressEmail</b><br>Test class: test.BagistoStepByStepTest</td>
<td></td>
<td>0</td>
<td>test.BagistoStepByStepTest@6f4a47c7</td></tr>
<tr>
<td title='test.BagistoStepByStepTest.waitForAgreeBtn()'><b>waitForAgreeBtn</b><br>Test class: test.BagistoStepByStepTest</td>
<td></td>
<td>0</td>
<td>test.BagistoStepByStepTest@6f4a47c7</td></tr>
<tr>
<td title='test.BagistoStepByStepTest.clickCreateCustomerBtn()'><b>clickCreateCustomerBtn</b><br>Test class: test.BagistoStepByStepTest</td>
<td></td>
<td>0</td>
<td>test.BagistoStepByStepTest@6f4a47c7</td></tr>
<tr>
<td title='test.BagistoStepByStepTest.clickViewAllNotifications()'><b>clickViewAllNotifications</b><br>Test class: test.BagistoStepByStepTest</td>
<td></td>
<td>2</td>
<td>test.BagistoStepByStepTest@6f4a47c7</td></tr>
</table><p>
</body>
</html>