<?xml version="1.0" encoding="UTF-8"?>
<!-- Generated by org.testng.reporters.JUnitXMLReporter -->
<testsuite ignored="0" hostname="Deepu" failures="1" tests="38" name="Default test" time="49.03" errors="0" timestamp="2025-09-09T12:14:54 IST">
  <testcase classname="test.BagistoStepByStepTest" name="openAdminPanel" time="2.751"/>
  <testcase classname="test.BagistoStepByStepTest" name="enterEmail" time="0.151"/>
  <testcase classname="test.BagistoStepByStepTest" name="enterPassword" time="0.1"/>
  <testcase classname="test.BagistoStepByStepTest" name="clickSignIn" time="0.099"/>
  <testcase classname="test.BagistoStepByStepTest" name="enableDarkMode" time="2.491"/>
  <testcase classname="test.BagistoStepByStepTest" name="openCalendar" time="0.061"/>
  <testcase classname="test.BagistoStepByStepTest" name="selectToday" time="0.17"/>
  <testcase classname="test.BagistoStepByStepTest" name="openNotifications" time="0.137"/>
  <testcase classname="test.BagistoStepByStepTest" name="clickViewAllNotifications" time="2.216"/>
  <testcase classname="test.BagistoStepByStepTest" name="searchCustomer" time="3.113"/>
  <testcase classname="test.BagistoStepByStepTest" name="clickCustomersDiv" time="0.061"/>
  <testcase classname="test.BagistoStepByStepTest" name="waitForSearchResults" time="0.024"/>
  <testcase classname="test.BagistoStepByStepTest" name="clickFirstSearchResult" time="2.496"/>
  <testcase classname="test.BagistoStepByStepTest" name="waitForDeleteIcon" time="0.058"/>
  <testcase classname="test.BagistoStepByStepTest" name="clickDeleteIcon" time="0.183"/>
  <testcase classname="test.BagistoStepByStepTest" name="waitForAgreeBtn" time="0.06"/>
  <testcase classname="test.BagistoStepByStepTest" name="clickAgreeBtn" time="2.083"/>
  <testcase classname="test.BagistoStepByStepTest" name="goToCustomersMenu" time="1.67"/>
  <testcase classname="test.BagistoStepByStepTest" name="clickCustomersSubMenu" time="1.766"/>
  <testcase classname="test.BagistoStepByStepTest" name="clickCreateCustomerBtn" time="0.094"/>
  <testcase classname="test.BagistoStepByStepTest" name="enterFirstName" time="0.598"/>
  <testcase classname="test.BagistoStepByStepTest" name="enterLastName" time="0.071"/>
  <testcase classname="test.BagistoStepByStepTest" name="enterCustomerEmail" time="0.086"/>
  <testcase classname="test.BagistoStepByStepTest" name="selectGender" time="0.107"/>
  <testcase classname="test.BagistoStepByStepTest" name="clickSaveCustomerBtn" time="4.093"/>
  <testcase classname="test.BagistoStepByStepTest" name="clickNewCustomerLogin" time="0.112"/>
  <testcase classname="test.BagistoStepByStepTest" name="clickAddress" time="3.9"/>
  <testcase classname="test.BagistoStepByStepTest" name="clickAddAddressBtn" time="1.815"/>
  <testcase classname="test.BagistoStepByStepTest" name="enterAddressFirstName" time="0.079"/>
  <testcase classname="test.BagistoStepByStepTest" name="enterAddressLastName" time="0.073"/>
  <testcase classname="test.BagistoStepByStepTest" name="enterAddressEmail" time="0.086"/>
  <testcase classname="test.BagistoStepByStepTest" name="enterStreetAddress" time="0.078"/>
  <testcase classname="test.BagistoStepByStepTest" name="selectCountry" time="0.112"/>
  <testcase classname="test.BagistoStepByStepTest" name="selectState" time="0.084"/>
  <testcase classname="test.BagistoStepByStepTest" name="enterCity" time="0.075"/>
  <testcase classname="test.BagistoStepByStepTest" name="enterPostCode" time="0.076"/>
  <testcase classname="test.BagistoStepByStepTest" name="enterPhone" time="0.077"/>
  <testcase classname="test.BagistoStepByStepTest" name="clickSaveAddressBtn" time="15.476">
    <failure type="org.openqa.selenium.TimeoutException" message="Expected condition failed: waiting for element to be clickable: By.xpath: //button[contains(text(),&amp;apos;Saves&amp;apos;)] (tried for 15 second(s) with 500 milliseconds interval)
Build info: version: &amp;apos;4.34.0&amp;apos;, revision: &amp;apos;707dcb4246*&amp;apos;
System info: os.name: &amp;apos;Windows 11&amp;apos;, os.arch: &amp;apos;amd64&amp;apos;, os.version: &amp;apos;10.0&amp;apos;, java.version: &amp;apos;21.0.7&amp;apos;
Driver info: org.openqa.selenium.chrome.ChromeDriver
Capabilities {acceptInsecureCerts: false, browserName: chrome, browserVersion: 139.0.7258.157, chrome: {chromedriverVersion: 139.0.7258.154 (9e0d6b2b47f..., userDataDir: C:\Users\deept\AppData\Loca...}, fedcm:accounts: true, goog:chromeOptions: {debuggerAddress: localhost:53320}, networkConnectionEnabled: false, pageLoadStrategy: normal, platformName: windows, proxy: Proxy(), se:cdp: ws://localhost:53320/devtoo..., se:cdpVersion: 139.0.7258.157, setWindowRect: true, strictFileInteractability: false, timeouts: {implicit: 0, pageLoad: 300000, script: 30000}, unhandledPromptBehavior: dismiss and notify, webauthn:extension:credBlob: true, webauthn:extension:largeBlob: true, webauthn:extension:minPinLength: true, webauthn:extension:prf: true, webauthn:virtualAuthenticators: true}
Session ID: a44571dac6dd08408741527e283e3eae">
      <![CDATA[org.openqa.selenium.TimeoutException: Expected condition failed: waiting for element to be clickable: By.xpath: //button[contains(text(),'Saves')] (tried for 15 second(s) with 500 milliseconds interval)
Build info: version: '4.34.0', revision: '707dcb4246*'
System info: os.name: 'Windows 11', os.arch: 'amd64', os.version: '10.0', java.version: '21.0.7'
Driver info: org.openqa.selenium.chrome.ChromeDriver
Capabilities {acceptInsecureCerts: false, browserName: chrome, browserVersion: 139.0.7258.157, chrome: {chromedriverVersion: 139.0.7258.154 (9e0d6b2b47f..., userDataDir: C:\Users\deept\AppData\Loca...}, fedcm:accounts: true, goog:chromeOptions: {debuggerAddress: localhost:53320}, networkConnectionEnabled: false, pageLoadStrategy: normal, platformName: windows, proxy: Proxy(), se:cdp: ws://localhost:53320/devtoo..., se:cdpVersion: 139.0.7258.157, setWindowRect: true, strictFileInteractability: false, timeouts: {implicit: 0, pageLoad: 300000, script: 30000}, unhandledPromptBehavior: dismiss and notify, webauthn:extension:credBlob: true, webauthn:extension:largeBlob: true, webauthn:extension:minPinLength: true, webauthn:extension:prf: true, webauthn:virtualAuthenticators: true}
Session ID: a44571dac6dd08408741527e283e3eae
at org.openqa.selenium.support.ui.WebDriverWait.timeoutException(WebDriverWait.java:84)
at org.openqa.selenium.support.ui.FluentWait.until(FluentWait.java:228)
at pages.AddressPage.clickSaveBtn(AddressPage.java:117)
at test.BagistoStepByStepTest.clickSaveAddressBtn(BagistoStepByStepTest.java:206)
at java.base/jdk.internal.reflect.DirectMethodHandleAccessor.invoke(DirectMethodHandleAccessor.java:103)
at java.base/java.lang.reflect.Method.invoke(Method.java:580)
at org.testng.internal.invokers.MethodInvocationHelper.invokeMethod(MethodInvocationHelper.java:141)
at org.testng.internal.invokers.TestInvoker.invokeMethod(TestInvoker.java:687)
at org.testng.internal.invokers.TestInvoker.invokeTestMethod(TestInvoker.java:230)
at org.testng.internal.invokers.MethodRunner.runInSequence(MethodRunner.java:63)
at org.testng.internal.invokers.TestInvoker$MethodInvocationAgent.invoke(TestInvoker.java:995)
at org.testng.internal.invokers.TestInvoker.invokeTestMethods(TestInvoker.java:203)
at org.testng.internal.invokers.TestMethodWorker.invokeTestMethods(TestMethodWorker.java:154)
at org.testng.internal.invokers.TestMethodWorker.run(TestMethodWorker.java:134)
at java.base/java.util.ArrayList.forEach(ArrayList.java:1596)
at org.testng.TestRunner.privateRun(TestRunner.java:741)
at org.testng.TestRunner.run(TestRunner.java:616)
at org.testng.SuiteRunner.runTest(SuiteRunner.java:421)
at org.testng.SuiteRunner.runSequentially(SuiteRunner.java:413)
at org.testng.SuiteRunner.privateRun(SuiteRunner.java:373)
at org.testng.SuiteRunner.run(SuiteRunner.java:312)
at org.testng.SuiteRunnerWorker.runSuite(SuiteRunnerWorker.java:52)
at org.testng.SuiteRunnerWorker.run(SuiteRunnerWorker.java:95)
at org.testng.TestNG.runSuitesSequentially(TestNG.java:1274)
at org.testng.TestNG.runSuitesLocally(TestNG.java:1208)
at org.testng.TestNG.runSuites(TestNG.java:1112)
at org.testng.TestNG.run(TestNG.java:1079)
at org.testng.remote.AbstractRemoteTestNG.run(AbstractRemoteTestNG.java:115)
at org.testng.remote.RemoteTestNG.initAndRun(RemoteTestNG.java:293)
at org.testng.remote.RemoteTestNG.main(RemoteTestNG.java:91)
]]>
    </failure>
  </testcase> <!-- clickSaveAddressBtn -->
</testsuite> <!-- Default test -->
