<?xml version="1.0" encoding="UTF-8"?>
<!-- Generated by org.testng.reporters.JUnitXMLReporter -->
<testsuite ignored="2" hostname="Deepu" failures="1" tests="38" name="Test" time="17.651" errors="0" timestamp="2025-11-02T23:13:43 IST">
  <testcase classname="base.BaseTest" name="@AfterMethod captureResult" time="0.003">
    <failure type="org.openqa.selenium.NoSuchWindowException" message="no such window: target window already closed
from unknown error: web view not found
  (Session info: chrome=141.0.7390.123)
Build info: version: &amp;apos;4.34.0&amp;apos;, revision: &amp;apos;707dcb4246*&amp;apos;
System info: os.name: &amp;apos;Windows 11&amp;apos;, os.arch: &amp;apos;amd64&amp;apos;, os.version: &amp;apos;10.0&amp;apos;, java.version: &amp;apos;21.0.7&amp;apos;
Driver info: org.openqa.selenium.chrome.ChromeDriver
Command: [0fbaa5bd13ff4cb450c028f4fc3ea9ec, screenshot {}]
Capabilities {acceptInsecureCerts: false, browserName: chrome, browserVersion: 141.0.7390.123, chrome: {chromedriverVersion: 141.0.7390.122 (b477534e7e1..., userDataDir: C:\Users\deept\AppData\Loca...}, fedcm:accounts: true, goog:chromeOptions: {debuggerAddress: localhost:65241}, networkConnectionEnabled: false, pageLoadStrategy: normal, platformName: windows, proxy: Proxy(), se:cdp: ws://localhost:65241/devtoo..., se:cdpVersion: 141.0.7390.123, setWindowRect: true, strictFileInteractability: false, timeouts: {implicit: 0, pageLoad: 300000, script: 30000}, unhandledPromptBehavior: dismiss and notify, webauthn:extension:credBlob: true, webauthn:extension:largeBlob: true, webauthn:extension:minPinLength: true, webauthn:extension:prf: true, webauthn:virtualAuthenticators: true}
Session ID: 0fbaa5bd13ff4cb450c028f4fc3ea9ec">
      <![CDATA[org.openqa.selenium.NoSuchWindowException: no such window: target window already closed
from unknown error: web view not found
  (Session info: chrome=141.0.7390.123)
Build info: version: '4.34.0', revision: '707dcb4246*'
System info: os.name: 'Windows 11', os.arch: 'amd64', os.version: '10.0', java.version: '21.0.7'
Driver info: org.openqa.selenium.chrome.ChromeDriver
Command: [0fbaa5bd13ff4cb450c028f4fc3ea9ec, screenshot {}]
Capabilities {acceptInsecureCerts: false, browserName: chrome, browserVersion: 141.0.7390.123, chrome: {chromedriverVersion: 141.0.7390.122 (b477534e7e1..., userDataDir: C:\Users\deept\AppData\Loca...}, fedcm:accounts: true, goog:chromeOptions: {debuggerAddress: localhost:65241}, networkConnectionEnabled: false, pageLoadStrategy: normal, platformName: windows, proxy: Proxy(), se:cdp: ws://localhost:65241/devtoo..., se:cdpVersion: 141.0.7390.123, setWindowRect: true, strictFileInteractability: false, timeouts: {implicit: 0, pageLoad: 300000, script: 30000}, unhandledPromptBehavior: dismiss and notify, webauthn:extension:credBlob: true, webauthn:extension:largeBlob: true, webauthn:extension:minPinLength: true, webauthn:extension:prf: true, webauthn:virtualAuthenticators: true}
Session ID: 0fbaa5bd13ff4cb450c028f4fc3ea9ec
at org.openqa.selenium.remote.ErrorCodec.decode(ErrorCodec.java:167)
at org.openqa.selenium.remote.codec.w3c.W3CHttpResponseCodec.decode(W3CHttpResponseCodec.java:138)
at org.openqa.selenium.remote.codec.w3c.W3CHttpResponseCodec.decode(W3CHttpResponseCodec.java:50)
at org.openqa.selenium.remote.HttpCommandExecutor.execute(HttpCommandExecutor.java:215)
at org.openqa.selenium.remote.service.DriverCommandExecutor.invokeExecute(DriverCommandExecutor.java:216)
at org.openqa.selenium.remote.service.DriverCommandExecutor.execute(DriverCommandExecutor.java:174)
at org.openqa.selenium.remote.RemoteWebDriver.execute(RemoteWebDriver.java:544)
at org.openqa.selenium.remote.RemoteWebDriver.execute(RemoteWebDriver.java:617)
at org.openqa.selenium.remote.RemoteWebDriver.execute(RemoteWebDriver.java:621)
at org.openqa.selenium.remote.RemoteWebDriver.getScreenshotAs(RemoteWebDriver.java:333)
at base.BaseTest.captureScreenshot(BaseTest.java:77)
at base.BaseTest.captureResult(BaseTest.java:52)
at java.base/java.util.ArrayList.forEach(ArrayList.java:1596)
... Removed 33 stack frames]]>
    </failure>
  </testcase> <!-- @AfterMethod captureResult -->
  <testcase classname="test.BagistoStepByStepTest" name="openAdminPanel" time="0.798"/>
  <testcase classname="test.BagistoStepByStepTest" name="enterEmail" time="15.433">
    <failure type="org.openqa.selenium.NoSuchWindowException" message="no such window: target window already closed
from unknown error: web view not found
  (Session info: chrome=141.0.7390.123)
Build info: version: &amp;apos;4.34.0&amp;apos;, revision: &amp;apos;707dcb4246*&amp;apos;
System info: os.name: &amp;apos;Windows 11&amp;apos;, os.arch: &amp;apos;amd64&amp;apos;, os.version: &amp;apos;10.0&amp;apos;, java.version: &amp;apos;21.0.7&amp;apos;
Driver info: org.openqa.selenium.chrome.ChromeDriver
Command: [0fbaa5bd13ff4cb450c028f4fc3ea9ec, findElement {using=id, value=email}]
Capabilities {acceptInsecureCerts: false, browserName: chrome, browserVersion: 141.0.7390.123, chrome: {chromedriverVersion: 141.0.7390.122 (b477534e7e1..., userDataDir: C:\Users\deept\AppData\Loca...}, fedcm:accounts: true, goog:chromeOptions: {debuggerAddress: localhost:65241}, networkConnectionEnabled: false, pageLoadStrategy: normal, platformName: windows, proxy: Proxy(), se:cdp: ws://localhost:65241/devtoo..., se:cdpVersion: 141.0.7390.123, setWindowRect: true, strictFileInteractability: false, timeouts: {implicit: 0, pageLoad: 300000, script: 30000}, unhandledPromptBehavior: dismiss and notify, webauthn:extension:credBlob: true, webauthn:extension:largeBlob: true, webauthn:extension:minPinLength: true, webauthn:extension:prf: true, webauthn:virtualAuthenticators: true}
Session ID: 0fbaa5bd13ff4cb450c028f4fc3ea9ec">
      <![CDATA[org.openqa.selenium.NoSuchWindowException: no such window: target window already closed
from unknown error: web view not found
  (Session info: chrome=141.0.7390.123)
Build info: version: '4.34.0', revision: '707dcb4246*'
System info: os.name: 'Windows 11', os.arch: 'amd64', os.version: '10.0', java.version: '21.0.7'
Driver info: org.openqa.selenium.chrome.ChromeDriver
Command: [0fbaa5bd13ff4cb450c028f4fc3ea9ec, findElement {using=id, value=email}]
Capabilities {acceptInsecureCerts: false, browserName: chrome, browserVersion: 141.0.7390.123, chrome: {chromedriverVersion: 141.0.7390.122 (b477534e7e1..., userDataDir: C:\Users\deept\AppData\Loca...}, fedcm:accounts: true, goog:chromeOptions: {debuggerAddress: localhost:65241}, networkConnectionEnabled: false, pageLoadStrategy: normal, platformName: windows, proxy: Proxy(), se:cdp: ws://localhost:65241/devtoo..., se:cdpVersion: 141.0.7390.123, setWindowRect: true, strictFileInteractability: false, timeouts: {implicit: 0, pageLoad: 300000, script: 30000}, unhandledPromptBehavior: dismiss and notify, webauthn:extension:credBlob: true, webauthn:extension:largeBlob: true, webauthn:extension:minPinLength: true, webauthn:extension:prf: true, webauthn:virtualAuthenticators: true}
Session ID: 0fbaa5bd13ff4cb450c028f4fc3ea9ec
at org.openqa.selenium.remote.ErrorCodec.decode(ErrorCodec.java:167)
at org.openqa.selenium.remote.codec.w3c.W3CHttpResponseCodec.decode(W3CHttpResponseCodec.java:138)
at org.openqa.selenium.remote.codec.w3c.W3CHttpResponseCodec.decode(W3CHttpResponseCodec.java:50)
at org.openqa.selenium.remote.HttpCommandExecutor.execute(HttpCommandExecutor.java:215)
at org.openqa.selenium.remote.service.DriverCommandExecutor.invokeExecute(DriverCommandExecutor.java:216)
at org.openqa.selenium.remote.service.DriverCommandExecutor.execute(DriverCommandExecutor.java:174)
at org.openqa.selenium.remote.RemoteWebDriver.execute(RemoteWebDriver.java:544)
at org.openqa.selenium.remote.ElementLocation$ElementFinder$2.findElement(ElementLocation.java:165)
at org.openqa.selenium.remote.ElementLocation.findElement(ElementLocation.java:59)
at org.openqa.selenium.remote.RemoteWebDriver.findElement(RemoteWebDriver.java:367)
at org.openqa.selenium.remote.RemoteWebDriver.findElement(RemoteWebDriver.java:361)
at org.openqa.selenium.support.pagefactory.DefaultElementLocator.findElement(DefaultElementLocator.java:68)
at org.openqa.selenium.support.pagefactory.internal.LocatingElementHandler.invoke(LocatingElementHandler.java:38)
at jdk.proxy2/jdk.proxy2.$Proxy18.toString(Unknown Source)
at java.base/java.lang.String.valueOf(String.java:4465)
at org.openqa.selenium.support.ui.ExpectedConditions$10.toString(ExpectedConditions.java:295)
at java.base/java.lang.String.valueOf(String.java:4465)
at org.openqa.selenium.support.ui.FluentWait.until(FluentWait.java:225)
at pages.LoginPage.enterEmail(LoginPage.java:32)
at test.BagistoStepByStepTest.enterEmail(BagistoStepByStepTest.java:24)
at java.base/java.util.ArrayList.forEach(ArrayList.java:1596)
... Removed 28 stack frames]]>
    </failure>
  </testcase> <!-- enterEmail -->
  <testcase classname="test.BagistoStepByStepTest" name="enterPassword" time="0.0">
    <skipped/>
  </testcase> <!-- enterPassword -->
  <testcase classname="test.BagistoStepByStepTest" name="clickSignIn" time="0.0">
    <skipped/>
  </testcase> <!-- clickSignIn -->
  <testcase classname="test.BagistoStepByStepTest" name="enableDarkMode" time="0.0">
    <skipped/>
  </testcase> <!-- enableDarkMode -->
  <testcase classname="test.BagistoStepByStepTest" name="openCalendar" time="0.0">
    <skipped/>
  </testcase> <!-- openCalendar -->
  <testcase classname="test.BagistoStepByStepTest" name="selectToday" time="0.0">
    <skipped/>
  </testcase> <!-- selectToday -->
  <testcase classname="test.BagistoStepByStepTest" name="openNotifications" time="0.0">
    <skipped/>
  </testcase> <!-- openNotifications -->
  <testcase classname="test.BagistoStepByStepTest" name="clickViewAllNotifications" time="0.0">
    <skipped/>
  </testcase> <!-- clickViewAllNotifications -->
  <testcase classname="test.BagistoStepByStepTest" name="searchCustomer" time="0.0">
    <skipped/>
  </testcase> <!-- searchCustomer -->
  <testcase classname="test.BagistoStepByStepTest" name="clickCustomersDiv" time="0.0">
    <skipped/>
  </testcase> <!-- clickCustomersDiv -->
  <testcase classname="test.BagistoStepByStepTest" name="waitForSearchResults" time="0.0">
    <skipped/>
  </testcase> <!-- waitForSearchResults -->
  <testcase classname="test.BagistoStepByStepTest" name="clickFirstSearchResult" time="0.0">
    <skipped/>
  </testcase> <!-- clickFirstSearchResult -->
  <testcase classname="test.BagistoStepByStepTest" name="waitForDeleteIcon" time="0.0">
    <skipped/>
  </testcase> <!-- waitForDeleteIcon -->
  <testcase classname="test.BagistoStepByStepTest" name="clickDeleteIcon" time="0.0">
    <skipped/>
  </testcase> <!-- clickDeleteIcon -->
  <testcase classname="test.BagistoStepByStepTest" name="waitForAgreeBtn" time="0.0">
    <skipped/>
  </testcase> <!-- waitForAgreeBtn -->
  <testcase classname="test.BagistoStepByStepTest" name="clickAgreeBtn" time="0.0">
    <skipped/>
  </testcase> <!-- clickAgreeBtn -->
  <testcase classname="test.BagistoStepByStepTest" name="goToCustomersMenu" time="0.0">
    <skipped/>
  </testcase> <!-- goToCustomersMenu -->
  <testcase classname="test.BagistoStepByStepTest" name="clickCustomersSubMenu" time="0.0">
    <skipped/>
  </testcase> <!-- clickCustomersSubMenu -->
  <testcase classname="test.BagistoStepByStepTest" name="clickCreateCustomerBtn" time="0.0">
    <skipped/>
  </testcase> <!-- clickCreateCustomerBtn -->
  <testcase classname="test.BagistoStepByStepTest" name="enterFirstName" time="0.0">
    <skipped/>
  </testcase> <!-- enterFirstName -->
  <testcase classname="test.BagistoStepByStepTest" name="enterLastName" time="0.0">
    <skipped/>
  </testcase> <!-- enterLastName -->
  <testcase classname="test.BagistoStepByStepTest" name="enterCustomerEmail" time="0.0">
    <skipped/>
  </testcase> <!-- enterCustomerEmail -->
  <testcase classname="test.BagistoStepByStepTest" name="selectGender" time="0.0">
    <skipped/>
  </testcase> <!-- selectGender -->
  <testcase classname="test.BagistoStepByStepTest" name="clickSaveCustomerBtn" time="0.0">
    <skipped/>
  </testcase> <!-- clickSaveCustomerBtn -->
  <testcase classname="test.BagistoStepByStepTest" name="clickNewCustomerLogin" time="0.0">
    <skipped/>
  </testcase> <!-- clickNewCustomerLogin -->
  <testcase classname="test.BagistoStepByStepTest" name="clickAddress" time="0.0">
    <skipped/>
  </testcase> <!-- clickAddress -->
  <testcase classname="test.BagistoStepByStepTest" name="clickAddAddressBtn" time="0.0">
    <skipped/>
  </testcase> <!-- clickAddAddressBtn -->
  <testcase classname="test.BagistoStepByStepTest" name="enterAddressFirstName" time="0.0">
    <skipped/>
  </testcase> <!-- enterAddressFirstName -->
  <testcase classname="test.BagistoStepByStepTest" name="enterAddressLastName" time="0.0">
    <skipped/>
  </testcase> <!-- enterAddressLastName -->
  <testcase classname="test.BagistoStepByStepTest" name="enterAddressEmail" time="0.0">
    <skipped/>
  </testcase> <!-- enterAddressEmail -->
  <testcase classname="test.BagistoStepByStepTest" name="enterStreetAddress" time="0.0">
    <skipped/>
  </testcase> <!-- enterStreetAddress -->
  <testcase classname="test.BagistoStepByStepTest" name="selectCountry" time="0.0">
    <skipped/>
  </testcase> <!-- selectCountry -->
  <testcase classname="test.BagistoStepByStepTest" name="selectState" time="0.0">
    <skipped/>
  </testcase> <!-- selectState -->
  <testcase classname="test.BagistoStepByStepTest" name="enterCity" time="0.0">
    <skipped/>
  </testcase> <!-- enterCity -->
  <testcase classname="test.BagistoStepByStepTest" name="enterPostCode" time="0.0">
    <skipped/>
  </testcase> <!-- enterPostCode -->
  <testcase classname="test.BagistoStepByStepTest" name="enterPhone" time="0.0">
    <skipped/>
  </testcase> <!-- enterPhone -->
  <testcase classname="test.BagistoStepByStepTest" name="clickSaveAddressBtn" time="0.0">
    <skipped/>
  </testcase> <!-- clickSaveAddressBtn -->
  <testcase classname="base.BaseTest" name="@BeforeSuite setUpReport" time="0.0">
    <ignored/>
  </testcase> <!-- @BeforeSuite setUpReport -->
  <testcase classname="base.BaseTest" name="@AfterSuite flushReport" time="0.0">
    <ignored/>
  </testcase> <!-- @AfterSuite flushReport -->
</testsuite> <!-- Test -->
