<?xml version="1.0" encoding="UTF-8"?>
<testng-results ignored="0" total="38" passed="1" failed="1" skipped="36">
  <reporter-output>
  </reporter-output>
  <suite started-at="2025-11-02T23:13:25 IST" name="Suite" finished-at="2025-11-02T23:13:43 IST" duration-ms="17651">
    <groups>
    </groups>
    <test started-at="2025-11-02T23:13:25 IST" name="Test" finished-at="2025-11-02T23:13:43 IST" duration-ms="17651">
      <class name="base.BaseTest">
        <test-method is-config="true" signature="setUpReport()[pri:0, instance:base.BaseTest@77f1baf5]" started-at="2025-11-02T23:13:25 IST" name="setUpReport" finished-at="2025-11-02T23:13:25 IST" duration-ms="200" status="PASS">
          <reporter-output>
          </reporter-output>
        </test-method> <!-- setUpReport -->
        <test-method is-config="true" signature="flushReport()[pri:0, instance:base.BaseTest@77f1baf5]" started-at="2025-11-02T23:13:43 IST" name="flushReport" finished-at="2025-11-02T23:13:43 IST" duration-ms="0" status="SKIP">
          <reporter-output>
          </reporter-output>
        </test-method> <!-- flushReport -->
      </class> <!-- base.BaseTest -->
      <class name="test.BagistoStepByStepTest">
        <test-method is-config="true" signature="setUp()[pri:0, instance:test.BagistoStepByStepTest@587e5365]" started-at="2025-11-02T23:13:25 IST" name="setUp" finished-at="2025-11-02T23:13:26 IST" duration-ms="1262" status="PASS">
          <reporter-output>
          </reporter-output>
        </test-method> <!-- setUp -->
        <test-method is-config="true" signature="startTest(java.lang.reflect.Method)[pri:0, instance:test.BagistoStepByStepTest@587e5365]" started-at="2025-11-02T23:13:26 IST" name="startTest" finished-at="2025-11-02T23:13:26 IST" duration-ms="5" status="PASS">
          <params>
            <param index="0">
              <value>
                <![CDATA[public void test.BagistoStepByStepTest.openAdminPanel()]]>
              </value>
            </param>
          </params>
          <reporter-output>
          </reporter-output>
        </test-method> <!-- startTest -->
        <test-method signature="openAdminPanel()[pri:1, instance:test.BagistoStepByStepTest@587e5365]" started-at="2025-11-02T23:13:26 IST" name="openAdminPanel" finished-at="2025-11-02T23:13:27 IST" duration-ms="798" status="PASS">
          <reporter-output>
          </reporter-output>
        </test-method> <!-- openAdminPanel -->
        <test-method is-config="true" signature="captureResult(org.testng.ITestResult)[pri:0, instance:test.BagistoStepByStepTest@587e5365]" started-at="2025-11-02T23:13:27 IST" name="captureResult" finished-at="2025-11-02T23:13:27 IST" duration-ms="3" status="PASS">
          <params>
            <param index="0">
              <value>
                <![CDATA[[TestResult name=openAdminPanel status=SUCCESS method=BagistoStepByStepTest.openAdminPanel()[pri:1, instance:test.BagistoStepByStepTest@587e5365] output={null}]]]>
              </value>
            </param>
          </params>
          <reporter-output>
          </reporter-output>
        </test-method> <!-- captureResult -->
        <test-method is-config="true" signature="startTest(java.lang.reflect.Method)[pri:0, instance:test.BagistoStepByStepTest@587e5365]" started-at="2025-11-02T23:13:27 IST" name="startTest" finished-at="2025-11-02T23:13:27 IST" duration-ms="1" status="PASS">
          <params>
            <param index="0">
              <value>
                <![CDATA[public void test.BagistoStepByStepTest.enterEmail()]]>
              </value>
            </param>
          </params>
          <reporter-output>
          </reporter-output>
        </test-method> <!-- startTest -->
        <test-method signature="enterEmail()[pri:2, instance:test.BagistoStepByStepTest@587e5365]" started-at="2025-11-02T23:13:27 IST" name="enterEmail" finished-at="2025-11-02T23:13:43 IST" depends-on-methods="test.BagistoStepByStepTest.openAdminPanel" duration-ms="15433" status="FAIL">
          <exception class="org.openqa.selenium.NoSuchWindowException">
            <message>
              <![CDATA[no such window: target window already closed
from unknown error: web view not found
  (Session info: chrome=141.0.7390.123)
Build info: version: '4.34.0', revision: '707dcb4246*'
System info: os.name: 'Windows 11', os.arch: 'amd64', os.version: '10.0', java.version: '21.0.7'
Driver info: org.openqa.selenium.chrome.ChromeDriver
Command: [0fbaa5bd13ff4cb450c028f4fc3ea9ec, findElement {using=id, value=email}]
Capabilities {acceptInsecureCerts: false, browserName: chrome, browserVersion: 141.0.7390.123, chrome: {chromedriverVersion: 141.0.7390.122 (b477534e7e1..., userDataDir: C:\Users\deept\AppData\Loca...}, fedcm:accounts: true, goog:chromeOptions: {debuggerAddress: localhost:65241}, networkConnectionEnabled: false, pageLoadStrategy: normal, platformName: windows, proxy: Proxy(), se:cdp: ws://localhost:65241/devtoo..., se:cdpVersion: 141.0.7390.123, setWindowRect: true, strictFileInteractability: false, timeouts: {implicit: 0, pageLoad: 300000, script: 30000}, unhandledPromptBehavior: dismiss and notify, webauthn:extension:credBlob: true, webauthn:extension:largeBlob: true, webauthn:extension:minPinLength: true, webauthn:extension:prf: true, webauthn:virtualAuthenticators: true}
Session ID: 0fbaa5bd13ff4cb450c028f4fc3ea9ec]]>
            </message>
            <full-stacktrace>
              <![CDATA[org.openqa.selenium.NoSuchWindowException: no such window: target window already closed
from unknown error: web view not found
  (Session info: chrome=141.0.7390.123)
Build info: version: '4.34.0', revision: '707dcb4246*'
System info: os.name: 'Windows 11', os.arch: 'amd64', os.version: '10.0', java.version: '21.0.7'
Driver info: org.openqa.selenium.chrome.ChromeDriver
Command: [0fbaa5bd13ff4cb450c028f4fc3ea9ec, findElement {using=id, value=email}]
Capabilities {acceptInsecureCerts: false, browserName: chrome, browserVersion: 141.0.7390.123, chrome: {chromedriverVersion: 141.0.7390.122 (b477534e7e1..., userDataDir: C:\Users\deept\AppData\Loca...}, fedcm:accounts: true, goog:chromeOptions: {debuggerAddress: localhost:65241}, networkConnectionEnabled: false, pageLoadStrategy: normal, platformName: windows, proxy: Proxy(), se:cdp: ws://localhost:65241/devtoo..., se:cdpVersion: 141.0.7390.123, setWindowRect: true, strictFileInteractability: false, timeouts: {implicit: 0, pageLoad: 300000, script: 30000}, unhandledPromptBehavior: dismiss and notify, webauthn:extension:credBlob: true, webauthn:extension:largeBlob: true, webauthn:extension:minPinLength: true, webauthn:extension:prf: true, webauthn:virtualAuthenticators: true}
Session ID: 0fbaa5bd13ff4cb450c028f4fc3ea9ec
at java.base/jdk.internal.reflect.DirectConstructorHandleAccessor.newInstance(DirectConstructorHandleAccessor.java:62)
at java.base/java.lang.reflect.Constructor.newInstanceWithCaller(Constructor.java:502)
at java.base/java.lang.reflect.Constructor.newInstance(Constructor.java:486)
at org.openqa.selenium.remote.ErrorCodec.decode(ErrorCodec.java:167)
at org.openqa.selenium.remote.codec.w3c.W3CHttpResponseCodec.decode(W3CHttpResponseCodec.java:138)
at org.openqa.selenium.remote.codec.w3c.W3CHttpResponseCodec.decode(W3CHttpResponseCodec.java:50)
at org.openqa.selenium.remote.HttpCommandExecutor.execute(HttpCommandExecutor.java:215)
at org.openqa.selenium.remote.service.DriverCommandExecutor.invokeExecute(DriverCommandExecutor.java:216)
at org.openqa.selenium.remote.service.DriverCommandExecutor.execute(DriverCommandExecutor.java:174)
at org.openqa.selenium.remote.RemoteWebDriver.execute(RemoteWebDriver.java:544)
at org.openqa.selenium.remote.ElementLocation$ElementFinder$2.findElement(ElementLocation.java:165)
at org.openqa.selenium.remote.ElementLocation.findElement(ElementLocation.java:59)
at org.openqa.selenium.remote.RemoteWebDriver.findElement(RemoteWebDriver.java:367)
at org.openqa.selenium.remote.RemoteWebDriver.findElement(RemoteWebDriver.java:361)
at org.openqa.selenium.support.pagefactory.DefaultElementLocator.findElement(DefaultElementLocator.java:68)
at org.openqa.selenium.support.pagefactory.internal.LocatingElementHandler.invoke(LocatingElementHandler.java:38)
at jdk.proxy2/jdk.proxy2.$Proxy18.toString(Unknown Source)
at java.base/java.lang.String.valueOf(String.java:4465)
at org.openqa.selenium.support.ui.ExpectedConditions$10.toString(ExpectedConditions.java:295)
at java.base/java.lang.String.valueOf(String.java:4465)
at org.openqa.selenium.support.ui.FluentWait.until(FluentWait.java:225)
at pages.LoginPage.enterEmail(LoginPage.java:32)
at test.BagistoStepByStepTest.enterEmail(BagistoStepByStepTest.java:24)
at java.base/jdk.internal.reflect.DirectMethodHandleAccessor.invoke(DirectMethodHandleAccessor.java:103)
at java.base/java.lang.reflect.Method.invoke(Method.java:580)
at org.testng.internal.invokers.MethodInvocationHelper.invokeMethod(MethodInvocationHelper.java:141)
at org.testng.internal.invokers.TestInvoker.invokeMethod(TestInvoker.java:687)
at org.testng.internal.invokers.TestInvoker.invokeTestMethod(TestInvoker.java:230)
at org.testng.internal.invokers.MethodRunner.runInSequence(MethodRunner.java:63)
at org.testng.internal.invokers.TestInvoker$MethodInvocationAgent.invoke(TestInvoker.java:995)
at org.testng.internal.invokers.TestInvoker.invokeTestMethods(TestInvoker.java:203)
at org.testng.internal.invokers.TestMethodWorker.invokeTestMethods(TestMethodWorker.java:154)
at org.testng.internal.invokers.TestMethodWorker.run(TestMethodWorker.java:134)
at java.base/java.util.ArrayList.forEach(ArrayList.java:1596)
at org.testng.TestRunner.privateRun(TestRunner.java:741)
at org.testng.TestRunner.run(TestRunner.java:616)
at org.testng.SuiteRunner.runTest(SuiteRunner.java:421)
at org.testng.SuiteRunner.runSequentially(SuiteRunner.java:413)
at org.testng.SuiteRunner.privateRun(SuiteRunner.java:373)
at org.testng.SuiteRunner.run(SuiteRunner.java:312)
at org.testng.SuiteRunnerWorker.runSuite(SuiteRunnerWorker.java:52)
at org.testng.SuiteRunnerWorker.run(SuiteRunnerWorker.java:95)
at org.testng.TestNG.runSuitesSequentially(TestNG.java:1274)
at org.testng.TestNG.runSuitesLocally(TestNG.java:1208)
at org.testng.TestNG.runSuites(TestNG.java:1112)
at org.testng.TestNG.run(TestNG.java:1079)
at org.testng.remote.AbstractRemoteTestNG.run(AbstractRemoteTestNG.java:115)
at org.testng.remote.RemoteTestNG.initAndRun(RemoteTestNG.java:293)
at org.testng.remote.RemoteTestNG.main(RemoteTestNG.java:91)
]]>
            </full-stacktrace>
          </exception> <!-- org.openqa.selenium.NoSuchWindowException -->
          <reporter-output>
          </reporter-output>
        </test-method> <!-- enterEmail -->
        <test-method is-config="true" signature="captureResult(org.testng.ITestResult)[pri:0, instance:test.BagistoStepByStepTest@587e5365]" started-at="2025-11-02T23:13:43 IST" name="captureResult" finished-at="2025-11-02T23:13:43 IST" duration-ms="3" status="FAIL">
          <params>
            <param index="0">
              <value>
                <![CDATA[[TestResult name=enterEmail status=FAILURE method=BagistoStepByStepTest.enterEmail()[pri:2, instance:test.BagistoStepByStepTest@587e5365] output={null}]]]>
              </value>
            </param>
          </params>
          <exception class="org.openqa.selenium.NoSuchWindowException">
            <message>
              <![CDATA[no such window: target window already closed
from unknown error: web view not found
  (Session info: chrome=141.0.7390.123)
Build info: version: '4.34.0', revision: '707dcb4246*'
System info: os.name: 'Windows 11', os.arch: 'amd64', os.version: '10.0', java.version: '21.0.7'
Driver info: org.openqa.selenium.chrome.ChromeDriver
Command: [0fbaa5bd13ff4cb450c028f4fc3ea9ec, screenshot {}]
Capabilities {acceptInsecureCerts: false, browserName: chrome, browserVersion: 141.0.7390.123, chrome: {chromedriverVersion: 141.0.7390.122 (b477534e7e1..., userDataDir: C:\Users\deept\AppData\Loca...}, fedcm:accounts: true, goog:chromeOptions: {debuggerAddress: localhost:65241}, networkConnectionEnabled: false, pageLoadStrategy: normal, platformName: windows, proxy: Proxy(), se:cdp: ws://localhost:65241/devtoo..., se:cdpVersion: 141.0.7390.123, setWindowRect: true, strictFileInteractability: false, timeouts: {implicit: 0, pageLoad: 300000, script: 30000}, unhandledPromptBehavior: dismiss and notify, webauthn:extension:credBlob: true, webauthn:extension:largeBlob: true, webauthn:extension:minPinLength: true, webauthn:extension:prf: true, webauthn:virtualAuthenticators: true}
Session ID: 0fbaa5bd13ff4cb450c028f4fc3ea9ec]]>
            </message>
            <full-stacktrace>
              <![CDATA[org.openqa.selenium.NoSuchWindowException: no such window: target window already closed
from unknown error: web view not found
  (Session info: chrome=141.0.7390.123)
Build info: version: '4.34.0', revision: '707dcb4246*'
System info: os.name: 'Windows 11', os.arch: 'amd64', os.version: '10.0', java.version: '21.0.7'
Driver info: org.openqa.selenium.chrome.ChromeDriver
Command: [0fbaa5bd13ff4cb450c028f4fc3ea9ec, screenshot {}]
Capabilities {acceptInsecureCerts: false, browserName: chrome, browserVersion: 141.0.7390.123, chrome: {chromedriverVersion: 141.0.7390.122 (b477534e7e1..., userDataDir: C:\Users\deept\AppData\Loca...}, fedcm:accounts: true, goog:chromeOptions: {debuggerAddress: localhost:65241}, networkConnectionEnabled: false, pageLoadStrategy: normal, platformName: windows, proxy: Proxy(), se:cdp: ws://localhost:65241/devtoo..., se:cdpVersion: 141.0.7390.123, setWindowRect: true, strictFileInteractability: false, timeouts: {implicit: 0, pageLoad: 300000, script: 30000}, unhandledPromptBehavior: dismiss and notify, webauthn:extension:credBlob: true, webauthn:extension:largeBlob: true, webauthn:extension:minPinLength: true, webauthn:extension:prf: true, webauthn:virtualAuthenticators: true}
Session ID: 0fbaa5bd13ff4cb450c028f4fc3ea9ec
at java.base/jdk.internal.reflect.DirectConstructorHandleAccessor.newInstance(DirectConstructorHandleAccessor.java:62)
at java.base/java.lang.reflect.Constructor.newInstanceWithCaller(Constructor.java:502)
at java.base/java.lang.reflect.Constructor.newInstance(Constructor.java:486)
at org.openqa.selenium.remote.ErrorCodec.decode(ErrorCodec.java:167)
at org.openqa.selenium.remote.codec.w3c.W3CHttpResponseCodec.decode(W3CHttpResponseCodec.java:138)
at org.openqa.selenium.remote.codec.w3c.W3CHttpResponseCodec.decode(W3CHttpResponseCodec.java:50)
at org.openqa.selenium.remote.HttpCommandExecutor.execute(HttpCommandExecutor.java:215)
at org.openqa.selenium.remote.service.DriverCommandExecutor.invokeExecute(DriverCommandExecutor.java:216)
at org.openqa.selenium.remote.service.DriverCommandExecutor.execute(DriverCommandExecutor.java:174)
at org.openqa.selenium.remote.RemoteWebDriver.execute(RemoteWebDriver.java:544)
at org.openqa.selenium.remote.RemoteWebDriver.execute(RemoteWebDriver.java:617)
at org.openqa.selenium.remote.RemoteWebDriver.execute(RemoteWebDriver.java:621)
at org.openqa.selenium.remote.RemoteWebDriver.getScreenshotAs(RemoteWebDriver.java:333)
at base.BaseTest.captureScreenshot(BaseTest.java:77)
at base.BaseTest.captureResult(BaseTest.java:52)
at java.base/jdk.internal.reflect.DirectMethodHandleAccessor.invoke(DirectMethodHandleAccessor.java:103)
at java.base/java.lang.reflect.Method.invoke(Method.java:580)
at org.testng.internal.invokers.MethodInvocationHelper.invokeMethod(MethodInvocationHelper.java:141)
at org.testng.internal.invokers.MethodInvocationHelper.invokeMethodConsideringTimeout(MethodInvocationHelper.java:71)
at org.testng.internal.invokers.ConfigInvoker.invokeConfigurationMethod(ConfigInvoker.java:400)
at org.testng.internal.invokers.ConfigInvoker.invokeConfigurations(ConfigInvoker.java:333)
at org.testng.internal.invokers.TestInvoker.runConfigMethods(TestInvoker.java:836)
at org.testng.internal.invokers.TestInvoker.runAfterConfigurations(TestInvoker.java:805)
at org.testng.internal.invokers.TestInvoker.invokeMethod(TestInvoker.java:781)
at org.testng.internal.invokers.TestInvoker.invokeTestMethod(TestInvoker.java:230)
at org.testng.internal.invokers.MethodRunner.runInSequence(MethodRunner.java:63)
at org.testng.internal.invokers.TestInvoker$MethodInvocationAgent.invoke(TestInvoker.java:995)
at org.testng.internal.invokers.TestInvoker.invokeTestMethods(TestInvoker.java:203)
at org.testng.internal.invokers.TestMethodWorker.invokeTestMethods(TestMethodWorker.java:154)
at org.testng.internal.invokers.TestMethodWorker.run(TestMethodWorker.java:134)
at java.base/java.util.ArrayList.forEach(ArrayList.java:1596)
at org.testng.TestRunner.privateRun(TestRunner.java:741)
at org.testng.TestRunner.run(TestRunner.java:616)
at org.testng.SuiteRunner.runTest(SuiteRunner.java:421)
at org.testng.SuiteRunner.runSequentially(SuiteRunner.java:413)
at org.testng.SuiteRunner.privateRun(SuiteRunner.java:373)
at org.testng.SuiteRunner.run(SuiteRunner.java:312)
at org.testng.SuiteRunnerWorker.runSuite(SuiteRunnerWorker.java:52)
at org.testng.SuiteRunnerWorker.run(SuiteRunnerWorker.java:95)
at org.testng.TestNG.runSuitesSequentially(TestNG.java:1274)
at org.testng.TestNG.runSuitesLocally(TestNG.java:1208)
at org.testng.TestNG.runSuites(TestNG.java:1112)
at org.testng.TestNG.run(TestNG.java:1079)
at org.testng.remote.AbstractRemoteTestNG.run(AbstractRemoteTestNG.java:115)
at org.testng.remote.RemoteTestNG.initAndRun(RemoteTestNG.java:293)
at org.testng.remote.RemoteTestNG.main(RemoteTestNG.java:91)
]]>
            </full-stacktrace>
          </exception> <!-- org.openqa.selenium.NoSuchWindowException -->
          <reporter-output>
          </reporter-output>
        </test-method> <!-- captureResult -->
        <test-method signature="enterPassword()[pri:3, instance:test.BagistoStepByStepTest@587e5365]" started-at="2025-11-02T23:13:43 IST" name="enterPassword" finished-at="2025-11-02T23:13:43 IST" depends-on-methods="test.BagistoStepByStepTest.enterEmail" duration-ms="0" status="SKIP">
          <exception class="java.lang.Throwable">
            <message>
              <![CDATA[Method test.BagistoStepByStepTest.enterPassword() on instance test.BagistoStepByStepTest@587e5365 depends on not successfully finished methods 
[test.BagistoStepByStepTest.enterEmail() on instance test.BagistoStepByStepTest@587e5365]]]>
            </message>
            <full-stacktrace>
              <![CDATA[java.lang.Throwable: Method test.BagistoStepByStepTest.enterPassword() on instance test.BagistoStepByStepTest@587e5365 depends on not successfully finished methods 
[test.BagistoStepByStepTest.enterEmail() on instance test.BagistoStepByStepTest@587e5365]
at org.testng.internal.invokers.TestInvoker.invokeTestMethods(TestInvoker.java:159)
at org.testng.internal.invokers.TestMethodWorker.invokeTestMethods(TestMethodWorker.java:154)
at org.testng.internal.invokers.TestMethodWorker.run(TestMethodWorker.java:134)
at java.base/java.util.ArrayList.forEach(ArrayList.java:1596)
at org.testng.TestRunner.privateRun(TestRunner.java:741)
at org.testng.TestRunner.run(TestRunner.java:616)
at org.testng.SuiteRunner.runTest(SuiteRunner.java:421)
at org.testng.SuiteRunner.runSequentially(SuiteRunner.java:413)
at org.testng.SuiteRunner.privateRun(SuiteRunner.java:373)
at org.testng.SuiteRunner.run(SuiteRunner.java:312)
at org.testng.SuiteRunnerWorker.runSuite(SuiteRunnerWorker.java:52)
at org.testng.SuiteRunnerWorker.run(SuiteRunnerWorker.java:95)
at org.testng.TestNG.runSuitesSequentially(TestNG.java:1274)
at org.testng.TestNG.runSuitesLocally(TestNG.java:1208)
at org.testng.TestNG.runSuites(TestNG.java:1112)
at org.testng.TestNG.run(TestNG.java:1079)
at org.testng.remote.AbstractRemoteTestNG.run(AbstractRemoteTestNG.java:115)
at org.testng.remote.RemoteTestNG.initAndRun(RemoteTestNG.java:293)
at org.testng.remote.RemoteTestNG.main(RemoteTestNG.java:91)
]]>
            </full-stacktrace>
          </exception> <!-- java.lang.Throwable -->
          <reporter-output>
          </reporter-output>
        </test-method> <!-- enterPassword -->
        <test-method signature="clickSignIn()[pri:4, instance:test.BagistoStepByStepTest@587e5365]" started-at="2025-11-02T23:13:43 IST" name="clickSignIn" finished-at="2025-11-02T23:13:43 IST" depends-on-methods="test.BagistoStepByStepTest.enterPassword" duration-ms="0" status="SKIP">
          <exception class="java.lang.Throwable">
            <message>
              <![CDATA[Method test.BagistoStepByStepTest.clickSignIn() on instance test.BagistoStepByStepTest@587e5365 depends on not successfully finished methods 
[test.BagistoStepByStepTest.enterPassword() on instance test.BagistoStepByStepTest@587e5365]]]>
            </message>
            <full-stacktrace>
              <![CDATA[java.lang.Throwable: Method test.BagistoStepByStepTest.clickSignIn() on instance test.BagistoStepByStepTest@587e5365 depends on not successfully finished methods 
[test.BagistoStepByStepTest.enterPassword() on instance test.BagistoStepByStepTest@587e5365]
at org.testng.internal.invokers.TestInvoker.invokeTestMethods(TestInvoker.java:159)
at org.testng.internal.invokers.TestMethodWorker.invokeTestMethods(TestMethodWorker.java:154)
at org.testng.internal.invokers.TestMethodWorker.run(TestMethodWorker.java:134)
at java.base/java.util.ArrayList.forEach(ArrayList.java:1596)
at org.testng.TestRunner.privateRun(TestRunner.java:741)
at org.testng.TestRunner.run(TestRunner.java:616)
at org.testng.SuiteRunner.runTest(SuiteRunner.java:421)
at org.testng.SuiteRunner.runSequentially(SuiteRunner.java:413)
at org.testng.SuiteRunner.privateRun(SuiteRunner.java:373)
at org.testng.SuiteRunner.run(SuiteRunner.java:312)
at org.testng.SuiteRunnerWorker.runSuite(SuiteRunnerWorker.java:52)
at org.testng.SuiteRunnerWorker.run(SuiteRunnerWorker.java:95)
at org.testng.TestNG.runSuitesSequentially(TestNG.java:1274)
at org.testng.TestNG.runSuitesLocally(TestNG.java:1208)
at org.testng.TestNG.runSuites(TestNG.java:1112)
at org.testng.TestNG.run(TestNG.java:1079)
at org.testng.remote.AbstractRemoteTestNG.run(AbstractRemoteTestNG.java:115)
at org.testng.remote.RemoteTestNG.initAndRun(RemoteTestNG.java:293)
at org.testng.remote.RemoteTestNG.main(RemoteTestNG.java:91)
]]>
            </full-stacktrace>
          </exception> <!-- java.lang.Throwable -->
          <reporter-output>
          </reporter-output>
        </test-method> <!-- clickSignIn -->
        <test-method signature="enableDarkMode()[pri:5, instance:test.BagistoStepByStepTest@587e5365]" started-at="2025-11-02T23:13:43 IST" name="enableDarkMode" finished-at="2025-11-02T23:13:43 IST" depends-on-methods="test.BagistoStepByStepTest.clickSignIn" duration-ms="0" status="SKIP">
          <exception class="java.lang.Throwable">
            <message>
              <![CDATA[Method test.BagistoStepByStepTest.enableDarkMode() on instance test.BagistoStepByStepTest@587e5365 depends on not successfully finished methods 
[test.BagistoStepByStepTest.clickSignIn() on instance test.BagistoStepByStepTest@587e5365]]]>
            </message>
            <full-stacktrace>
              <![CDATA[java.lang.Throwable: Method test.BagistoStepByStepTest.enableDarkMode() on instance test.BagistoStepByStepTest@587e5365 depends on not successfully finished methods 
[test.BagistoStepByStepTest.clickSignIn() on instance test.BagistoStepByStepTest@587e5365]
at org.testng.internal.invokers.TestInvoker.invokeTestMethods(TestInvoker.java:159)
at org.testng.internal.invokers.TestMethodWorker.invokeTestMethods(TestMethodWorker.java:154)
at org.testng.internal.invokers.TestMethodWorker.run(TestMethodWorker.java:134)
at java.base/java.util.ArrayList.forEach(ArrayList.java:1596)
at org.testng.TestRunner.privateRun(TestRunner.java:741)
at org.testng.TestRunner.run(TestRunner.java:616)
at org.testng.SuiteRunner.runTest(SuiteRunner.java:421)
at org.testng.SuiteRunner.runSequentially(SuiteRunner.java:413)
at org.testng.SuiteRunner.privateRun(SuiteRunner.java:373)
at org.testng.SuiteRunner.run(SuiteRunner.java:312)
at org.testng.SuiteRunnerWorker.runSuite(SuiteRunnerWorker.java:52)
at org.testng.SuiteRunnerWorker.run(SuiteRunnerWorker.java:95)
at org.testng.TestNG.runSuitesSequentially(TestNG.java:1274)
at org.testng.TestNG.runSuitesLocally(TestNG.java:1208)
at org.testng.TestNG.runSuites(TestNG.java:1112)
at org.testng.TestNG.run(TestNG.java:1079)
at org.testng.remote.AbstractRemoteTestNG.run(AbstractRemoteTestNG.java:115)
at org.testng.remote.RemoteTestNG.initAndRun(RemoteTestNG.java:293)
at org.testng.remote.RemoteTestNG.main(RemoteTestNG.java:91)
]]>
            </full-stacktrace>
          </exception> <!-- java.lang.Throwable -->
          <reporter-output>
          </reporter-output>
        </test-method> <!-- enableDarkMode -->
        <test-method signature="openCalendar()[pri:6, instance:test.BagistoStepByStepTest@587e5365]" started-at="2025-11-02T23:13:43 IST" name="openCalendar" finished-at="2025-11-02T23:13:43 IST" depends-on-methods="test.BagistoStepByStepTest.enableDarkMode" duration-ms="0" status="SKIP">
          <exception class="java.lang.Throwable">
            <message>
              <![CDATA[Method test.BagistoStepByStepTest.openCalendar() on instance test.BagistoStepByStepTest@587e5365 depends on not successfully finished methods 
[test.BagistoStepByStepTest.enableDarkMode() on instance test.BagistoStepByStepTest@587e5365]]]>
            </message>
            <full-stacktrace>
              <![CDATA[java.lang.Throwable: Method test.BagistoStepByStepTest.openCalendar() on instance test.BagistoStepByStepTest@587e5365 depends on not successfully finished methods 
[test.BagistoStepByStepTest.enableDarkMode() on instance test.BagistoStepByStepTest@587e5365]
at org.testng.internal.invokers.TestInvoker.invokeTestMethods(TestInvoker.java:159)
at org.testng.internal.invokers.TestMethodWorker.invokeTestMethods(TestMethodWorker.java:154)
at org.testng.internal.invokers.TestMethodWorker.run(TestMethodWorker.java:134)
at java.base/java.util.ArrayList.forEach(ArrayList.java:1596)
at org.testng.TestRunner.privateRun(TestRunner.java:741)
at org.testng.TestRunner.run(TestRunner.java:616)
at org.testng.SuiteRunner.runTest(SuiteRunner.java:421)
at org.testng.SuiteRunner.runSequentially(SuiteRunner.java:413)
at org.testng.SuiteRunner.privateRun(SuiteRunner.java:373)
at org.testng.SuiteRunner.run(SuiteRunner.java:312)
at org.testng.SuiteRunnerWorker.runSuite(SuiteRunnerWorker.java:52)
at org.testng.SuiteRunnerWorker.run(SuiteRunnerWorker.java:95)
at org.testng.TestNG.runSuitesSequentially(TestNG.java:1274)
at org.testng.TestNG.runSuitesLocally(TestNG.java:1208)
at org.testng.TestNG.runSuites(TestNG.java:1112)
at org.testng.TestNG.run(TestNG.java:1079)
at org.testng.remote.AbstractRemoteTestNG.run(AbstractRemoteTestNG.java:115)
at org.testng.remote.RemoteTestNG.initAndRun(RemoteTestNG.java:293)
at org.testng.remote.RemoteTestNG.main(RemoteTestNG.java:91)
]]>
            </full-stacktrace>
          </exception> <!-- java.lang.Throwable -->
          <reporter-output>
          </reporter-output>
        </test-method> <!-- openCalendar -->
        <test-method signature="selectToday()[pri:7, instance:test.BagistoStepByStepTest@587e5365]" started-at="2025-11-02T23:13:43 IST" name="selectToday" finished-at="2025-11-02T23:13:43 IST" depends-on-methods="test.BagistoStepByStepTest.openCalendar" duration-ms="0" status="SKIP">
          <exception class="java.lang.Throwable">
            <message>
              <![CDATA[Method test.BagistoStepByStepTest.selectToday() on instance test.BagistoStepByStepTest@587e5365 depends on not successfully finished methods 
[test.BagistoStepByStepTest.openCalendar() on instance test.BagistoStepByStepTest@587e5365]]]>
            </message>
            <full-stacktrace>
              <![CDATA[java.lang.Throwable: Method test.BagistoStepByStepTest.selectToday() on instance test.BagistoStepByStepTest@587e5365 depends on not successfully finished methods 
[test.BagistoStepByStepTest.openCalendar() on instance test.BagistoStepByStepTest@587e5365]
at org.testng.internal.invokers.TestInvoker.invokeTestMethods(TestInvoker.java:159)
at org.testng.internal.invokers.TestMethodWorker.invokeTestMethods(TestMethodWorker.java:154)
at org.testng.internal.invokers.TestMethodWorker.run(TestMethodWorker.java:134)
at java.base/java.util.ArrayList.forEach(ArrayList.java:1596)
at org.testng.TestRunner.privateRun(TestRunner.java:741)
at org.testng.TestRunner.run(TestRunner.java:616)
at org.testng.SuiteRunner.runTest(SuiteRunner.java:421)
at org.testng.SuiteRunner.runSequentially(SuiteRunner.java:413)
at org.testng.SuiteRunner.privateRun(SuiteRunner.java:373)
at org.testng.SuiteRunner.run(SuiteRunner.java:312)
at org.testng.SuiteRunnerWorker.runSuite(SuiteRunnerWorker.java:52)
at org.testng.SuiteRunnerWorker.run(SuiteRunnerWorker.java:95)
at org.testng.TestNG.runSuitesSequentially(TestNG.java:1274)
at org.testng.TestNG.runSuitesLocally(TestNG.java:1208)
at org.testng.TestNG.runSuites(TestNG.java:1112)
at org.testng.TestNG.run(TestNG.java:1079)
at org.testng.remote.AbstractRemoteTestNG.run(AbstractRemoteTestNG.java:115)
at org.testng.remote.RemoteTestNG.initAndRun(RemoteTestNG.java:293)
at org.testng.remote.RemoteTestNG.main(RemoteTestNG.java:91)
]]>
            </full-stacktrace>
          </exception> <!-- java.lang.Throwable -->
          <reporter-output>
          </reporter-output>
        </test-method> <!-- selectToday -->
        <test-method signature="openNotifications()[pri:8, instance:test.BagistoStepByStepTest@587e5365]" started-at="2025-11-02T23:13:43 IST" name="openNotifications" finished-at="2025-11-02T23:13:43 IST" depends-on-methods="test.BagistoStepByStepTest.selectToday" duration-ms="0" status="SKIP">
          <exception class="java.lang.Throwable">
            <message>
              <![CDATA[Method test.BagistoStepByStepTest.openNotifications() on instance test.BagistoStepByStepTest@587e5365 depends on not successfully finished methods 
[test.BagistoStepByStepTest.selectToday() on instance test.BagistoStepByStepTest@587e5365]]]>
            </message>
            <full-stacktrace>
              <![CDATA[java.lang.Throwable: Method test.BagistoStepByStepTest.openNotifications() on instance test.BagistoStepByStepTest@587e5365 depends on not successfully finished methods 
[test.BagistoStepByStepTest.selectToday() on instance test.BagistoStepByStepTest@587e5365]
at org.testng.internal.invokers.TestInvoker.invokeTestMethods(TestInvoker.java:159)
at org.testng.internal.invokers.TestMethodWorker.invokeTestMethods(TestMethodWorker.java:154)
at org.testng.internal.invokers.TestMethodWorker.run(TestMethodWorker.java:134)
at java.base/java.util.ArrayList.forEach(ArrayList.java:1596)
at org.testng.TestRunner.privateRun(TestRunner.java:741)
at org.testng.TestRunner.run(TestRunner.java:616)
at org.testng.SuiteRunner.runTest(SuiteRunner.java:421)
at org.testng.SuiteRunner.runSequentially(SuiteRunner.java:413)
at org.testng.SuiteRunner.privateRun(SuiteRunner.java:373)
at org.testng.SuiteRunner.run(SuiteRunner.java:312)
at org.testng.SuiteRunnerWorker.runSuite(SuiteRunnerWorker.java:52)
at org.testng.SuiteRunnerWorker.run(SuiteRunnerWorker.java:95)
at org.testng.TestNG.runSuitesSequentially(TestNG.java:1274)
at org.testng.TestNG.runSuitesLocally(TestNG.java:1208)
at org.testng.TestNG.runSuites(TestNG.java:1112)
at org.testng.TestNG.run(TestNG.java:1079)
at org.testng.remote.AbstractRemoteTestNG.run(AbstractRemoteTestNG.java:115)
at org.testng.remote.RemoteTestNG.initAndRun(RemoteTestNG.java:293)
at org.testng.remote.RemoteTestNG.main(RemoteTestNG.java:91)
]]>
            </full-stacktrace>
          </exception> <!-- java.lang.Throwable -->
          <reporter-output>
          </reporter-output>
        </test-method> <!-- openNotifications -->
        <test-method signature="clickViewAllNotifications()[pri:9, instance:test.BagistoStepByStepTest@587e5365]" started-at="2025-11-02T23:13:43 IST" name="clickViewAllNotifications" finished-at="2025-11-02T23:13:43 IST" depends-on-methods="test.BagistoStepByStepTest.openNotifications" duration-ms="0" status="SKIP">
          <exception class="java.lang.Throwable">
            <message>
              <![CDATA[Method test.BagistoStepByStepTest.clickViewAllNotifications() on instance test.BagistoStepByStepTest@587e5365 depends on not successfully finished methods 
[test.BagistoStepByStepTest.openNotifications() on instance test.BagistoStepByStepTest@587e5365]]]>
            </message>
            <full-stacktrace>
              <![CDATA[java.lang.Throwable: Method test.BagistoStepByStepTest.clickViewAllNotifications() on instance test.BagistoStepByStepTest@587e5365 depends on not successfully finished methods 
[test.BagistoStepByStepTest.openNotifications() on instance test.BagistoStepByStepTest@587e5365]
at org.testng.internal.invokers.TestInvoker.invokeTestMethods(TestInvoker.java:159)
at org.testng.internal.invokers.TestMethodWorker.invokeTestMethods(TestMethodWorker.java:154)
at org.testng.internal.invokers.TestMethodWorker.run(TestMethodWorker.java:134)
at java.base/java.util.ArrayList.forEach(ArrayList.java:1596)
at org.testng.TestRunner.privateRun(TestRunner.java:741)
at org.testng.TestRunner.run(TestRunner.java:616)
at org.testng.SuiteRunner.runTest(SuiteRunner.java:421)
at org.testng.SuiteRunner.runSequentially(SuiteRunner.java:413)
at org.testng.SuiteRunner.privateRun(SuiteRunner.java:373)
at org.testng.SuiteRunner.run(SuiteRunner.java:312)
at org.testng.SuiteRunnerWorker.runSuite(SuiteRunnerWorker.java:52)
at org.testng.SuiteRunnerWorker.run(SuiteRunnerWorker.java:95)
at org.testng.TestNG.runSuitesSequentially(TestNG.java:1274)
at org.testng.TestNG.runSuitesLocally(TestNG.java:1208)
at org.testng.TestNG.runSuites(TestNG.java:1112)
at org.testng.TestNG.run(TestNG.java:1079)
at org.testng.remote.AbstractRemoteTestNG.run(AbstractRemoteTestNG.java:115)
at org.testng.remote.RemoteTestNG.initAndRun(RemoteTestNG.java:293)
at org.testng.remote.RemoteTestNG.main(RemoteTestNG.java:91)
]]>
            </full-stacktrace>
          </exception> <!-- java.lang.Throwable -->
          <reporter-output>
          </reporter-output>
        </test-method> <!-- clickViewAllNotifications -->
        <test-method signature="searchCustomer()[pri:10, instance:test.BagistoStepByStepTest@587e5365]" started-at="2025-11-02T23:13:43 IST" name="searchCustomer" finished-at="2025-11-02T23:13:43 IST" depends-on-methods="test.BagistoStepByStepTest.clickViewAllNotifications" duration-ms="0" status="SKIP">
          <exception class="java.lang.Throwable">
            <message>
              <![CDATA[Method test.BagistoStepByStepTest.searchCustomer() on instance test.BagistoStepByStepTest@587e5365 depends on not successfully finished methods 
[test.BagistoStepByStepTest.clickViewAllNotifications() on instance test.BagistoStepByStepTest@587e5365]]]>
            </message>
            <full-stacktrace>
              <![CDATA[java.lang.Throwable: Method test.BagistoStepByStepTest.searchCustomer() on instance test.BagistoStepByStepTest@587e5365 depends on not successfully finished methods 
[test.BagistoStepByStepTest.clickViewAllNotifications() on instance test.BagistoStepByStepTest@587e5365]
at org.testng.internal.invokers.TestInvoker.invokeTestMethods(TestInvoker.java:159)
at org.testng.internal.invokers.TestMethodWorker.invokeTestMethods(TestMethodWorker.java:154)
at org.testng.internal.invokers.TestMethodWorker.run(TestMethodWorker.java:134)
at java.base/java.util.ArrayList.forEach(ArrayList.java:1596)
at org.testng.TestRunner.privateRun(TestRunner.java:741)
at org.testng.TestRunner.run(TestRunner.java:616)
at org.testng.SuiteRunner.runTest(SuiteRunner.java:421)
at org.testng.SuiteRunner.runSequentially(SuiteRunner.java:413)
at org.testng.SuiteRunner.privateRun(SuiteRunner.java:373)
at org.testng.SuiteRunner.run(SuiteRunner.java:312)
at org.testng.SuiteRunnerWorker.runSuite(SuiteRunnerWorker.java:52)
at org.testng.SuiteRunnerWorker.run(SuiteRunnerWorker.java:95)
at org.testng.TestNG.runSuitesSequentially(TestNG.java:1274)
at org.testng.TestNG.runSuitesLocally(TestNG.java:1208)
at org.testng.TestNG.runSuites(TestNG.java:1112)
at org.testng.TestNG.run(TestNG.java:1079)
at org.testng.remote.AbstractRemoteTestNG.run(AbstractRemoteTestNG.java:115)
at org.testng.remote.RemoteTestNG.initAndRun(RemoteTestNG.java:293)
at org.testng.remote.RemoteTestNG.main(RemoteTestNG.java:91)
]]>
            </full-stacktrace>
          </exception> <!-- java.lang.Throwable -->
          <reporter-output>
          </reporter-output>
        </test-method> <!-- searchCustomer -->
        <test-method signature="clickCustomersDiv()[pri:11, instance:test.BagistoStepByStepTest@587e5365]" started-at="2025-11-02T23:13:43 IST" name="clickCustomersDiv" finished-at="2025-11-02T23:13:43 IST" depends-on-methods="test.BagistoStepByStepTest.searchCustomer" duration-ms="0" status="SKIP">
          <exception class="java.lang.Throwable">
            <message>
              <![CDATA[Method test.BagistoStepByStepTest.clickCustomersDiv() on instance test.BagistoStepByStepTest@587e5365 depends on not successfully finished methods 
[test.BagistoStepByStepTest.searchCustomer() on instance test.BagistoStepByStepTest@587e5365]]]>
            </message>
            <full-stacktrace>
              <![CDATA[java.lang.Throwable: Method test.BagistoStepByStepTest.clickCustomersDiv() on instance test.BagistoStepByStepTest@587e5365 depends on not successfully finished methods 
[test.BagistoStepByStepTest.searchCustomer() on instance test.BagistoStepByStepTest@587e5365]
at org.testng.internal.invokers.TestInvoker.invokeTestMethods(TestInvoker.java:159)
at org.testng.internal.invokers.TestMethodWorker.invokeTestMethods(TestMethodWorker.java:154)
at org.testng.internal.invokers.TestMethodWorker.run(TestMethodWorker.java:134)
at java.base/java.util.ArrayList.forEach(ArrayList.java:1596)
at org.testng.TestRunner.privateRun(TestRunner.java:741)
at org.testng.TestRunner.run(TestRunner.java:616)
at org.testng.SuiteRunner.runTest(SuiteRunner.java:421)
at org.testng.SuiteRunner.runSequentially(SuiteRunner.java:413)
at org.testng.SuiteRunner.privateRun(SuiteRunner.java:373)
at org.testng.SuiteRunner.run(SuiteRunner.java:312)
at org.testng.SuiteRunnerWorker.runSuite(SuiteRunnerWorker.java:52)
at org.testng.SuiteRunnerWorker.run(SuiteRunnerWorker.java:95)
at org.testng.TestNG.runSuitesSequentially(TestNG.java:1274)
at org.testng.TestNG.runSuitesLocally(TestNG.java:1208)
at org.testng.TestNG.runSuites(TestNG.java:1112)
at org.testng.TestNG.run(TestNG.java:1079)
at org.testng.remote.AbstractRemoteTestNG.run(AbstractRemoteTestNG.java:115)
at org.testng.remote.RemoteTestNG.initAndRun(RemoteTestNG.java:293)
at org.testng.remote.RemoteTestNG.main(RemoteTestNG.java:91)
]]>
            </full-stacktrace>
          </exception> <!-- java.lang.Throwable -->
          <reporter-output>
          </reporter-output>
        </test-method> <!-- clickCustomersDiv -->
        <test-method signature="waitForSearchResults()[pri:12, instance:test.BagistoStepByStepTest@587e5365]" started-at="2025-11-02T23:13:43 IST" name="waitForSearchResults" finished-at="2025-11-02T23:13:43 IST" depends-on-methods="test.BagistoStepByStepTest.clickCustomersDiv" duration-ms="0" status="SKIP">
          <exception class="java.lang.Throwable">
            <message>
              <![CDATA[Method test.BagistoStepByStepTest.waitForSearchResults() on instance test.BagistoStepByStepTest@587e5365 depends on not successfully finished methods 
[test.BagistoStepByStepTest.clickCustomersDiv() on instance test.BagistoStepByStepTest@587e5365]]]>
            </message>
            <full-stacktrace>
              <![CDATA[java.lang.Throwable: Method test.BagistoStepByStepTest.waitForSearchResults() on instance test.BagistoStepByStepTest@587e5365 depends on not successfully finished methods 
[test.BagistoStepByStepTest.clickCustomersDiv() on instance test.BagistoStepByStepTest@587e5365]
at org.testng.internal.invokers.TestInvoker.invokeTestMethods(TestInvoker.java:159)
at org.testng.internal.invokers.TestMethodWorker.invokeTestMethods(TestMethodWorker.java:154)
at org.testng.internal.invokers.TestMethodWorker.run(TestMethodWorker.java:134)
at java.base/java.util.ArrayList.forEach(ArrayList.java:1596)
at org.testng.TestRunner.privateRun(TestRunner.java:741)
at org.testng.TestRunner.run(TestRunner.java:616)
at org.testng.SuiteRunner.runTest(SuiteRunner.java:421)
at org.testng.SuiteRunner.runSequentially(SuiteRunner.java:413)
at org.testng.SuiteRunner.privateRun(SuiteRunner.java:373)
at org.testng.SuiteRunner.run(SuiteRunner.java:312)
at org.testng.SuiteRunnerWorker.runSuite(SuiteRunnerWorker.java:52)
at org.testng.SuiteRunnerWorker.run(SuiteRunnerWorker.java:95)
at org.testng.TestNG.runSuitesSequentially(TestNG.java:1274)
at org.testng.TestNG.runSuitesLocally(TestNG.java:1208)
at org.testng.TestNG.runSuites(TestNG.java:1112)
at org.testng.TestNG.run(TestNG.java:1079)
at org.testng.remote.AbstractRemoteTestNG.run(AbstractRemoteTestNG.java:115)
at org.testng.remote.RemoteTestNG.initAndRun(RemoteTestNG.java:293)
at org.testng.remote.RemoteTestNG.main(RemoteTestNG.java:91)
]]>
            </full-stacktrace>
          </exception> <!-- java.lang.Throwable -->
          <reporter-output>
          </reporter-output>
        </test-method> <!-- waitForSearchResults -->
        <test-method signature="clickFirstSearchResult()[pri:13, instance:test.BagistoStepByStepTest@587e5365]" started-at="2025-11-02T23:13:43 IST" name="clickFirstSearchResult" finished-at="2025-11-02T23:13:43 IST" depends-on-methods="test.BagistoStepByStepTest.waitForSearchResults" duration-ms="0" status="SKIP">
          <exception class="java.lang.Throwable">
            <message>
              <![CDATA[Method test.BagistoStepByStepTest.clickFirstSearchResult() on instance test.BagistoStepByStepTest@587e5365 depends on not successfully finished methods 
[test.BagistoStepByStepTest.waitForSearchResults() on instance test.BagistoStepByStepTest@587e5365]]]>
            </message>
            <full-stacktrace>
              <![CDATA[java.lang.Throwable: Method test.BagistoStepByStepTest.clickFirstSearchResult() on instance test.BagistoStepByStepTest@587e5365 depends on not successfully finished methods 
[test.BagistoStepByStepTest.waitForSearchResults() on instance test.BagistoStepByStepTest@587e5365]
at org.testng.internal.invokers.TestInvoker.invokeTestMethods(TestInvoker.java:159)
at org.testng.internal.invokers.TestMethodWorker.invokeTestMethods(TestMethodWorker.java:154)
at org.testng.internal.invokers.TestMethodWorker.run(TestMethodWorker.java:134)
at java.base/java.util.ArrayList.forEach(ArrayList.java:1596)
at org.testng.TestRunner.privateRun(TestRunner.java:741)
at org.testng.TestRunner.run(TestRunner.java:616)
at org.testng.SuiteRunner.runTest(SuiteRunner.java:421)
at org.testng.SuiteRunner.runSequentially(SuiteRunner.java:413)
at org.testng.SuiteRunner.privateRun(SuiteRunner.java:373)
at org.testng.SuiteRunner.run(SuiteRunner.java:312)
at org.testng.SuiteRunnerWorker.runSuite(SuiteRunnerWorker.java:52)
at org.testng.SuiteRunnerWorker.run(SuiteRunnerWorker.java:95)
at org.testng.TestNG.runSuitesSequentially(TestNG.java:1274)
at org.testng.TestNG.runSuitesLocally(TestNG.java:1208)
at org.testng.TestNG.runSuites(TestNG.java:1112)
at org.testng.TestNG.run(TestNG.java:1079)
at org.testng.remote.AbstractRemoteTestNG.run(AbstractRemoteTestNG.java:115)
at org.testng.remote.RemoteTestNG.initAndRun(RemoteTestNG.java:293)
at org.testng.remote.RemoteTestNG.main(RemoteTestNG.java:91)
]]>
            </full-stacktrace>
          </exception> <!-- java.lang.Throwable -->
          <reporter-output>
          </reporter-output>
        </test-method> <!-- clickFirstSearchResult -->
        <test-method signature="waitForDeleteIcon()[pri:14, instance:test.BagistoStepByStepTest@587e5365]" started-at="2025-11-02T23:13:43 IST" name="waitForDeleteIcon" finished-at="2025-11-02T23:13:43 IST" depends-on-methods="test.BagistoStepByStepTest.clickFirstSearchResult" duration-ms="0" status="SKIP">
          <exception class="java.lang.Throwable">
            <message>
              <![CDATA[Method test.BagistoStepByStepTest.waitForDeleteIcon() on instance test.BagistoStepByStepTest@587e5365 depends on not successfully finished methods 
[test.BagistoStepByStepTest.clickFirstSearchResult() on instance test.BagistoStepByStepTest@587e5365]]]>
            </message>
            <full-stacktrace>
              <![CDATA[java.lang.Throwable: Method test.BagistoStepByStepTest.waitForDeleteIcon() on instance test.BagistoStepByStepTest@587e5365 depends on not successfully finished methods 
[test.BagistoStepByStepTest.clickFirstSearchResult() on instance test.BagistoStepByStepTest@587e5365]
at org.testng.internal.invokers.TestInvoker.invokeTestMethods(TestInvoker.java:159)
at org.testng.internal.invokers.TestMethodWorker.invokeTestMethods(TestMethodWorker.java:154)
at org.testng.internal.invokers.TestMethodWorker.run(TestMethodWorker.java:134)
at java.base/java.util.ArrayList.forEach(ArrayList.java:1596)
at org.testng.TestRunner.privateRun(TestRunner.java:741)
at org.testng.TestRunner.run(TestRunner.java:616)
at org.testng.SuiteRunner.runTest(SuiteRunner.java:421)
at org.testng.SuiteRunner.runSequentially(SuiteRunner.java:413)
at org.testng.SuiteRunner.privateRun(SuiteRunner.java:373)
at org.testng.SuiteRunner.run(SuiteRunner.java:312)
at org.testng.SuiteRunnerWorker.runSuite(SuiteRunnerWorker.java:52)
at org.testng.SuiteRunnerWorker.run(SuiteRunnerWorker.java:95)
at org.testng.TestNG.runSuitesSequentially(TestNG.java:1274)
at org.testng.TestNG.runSuitesLocally(TestNG.java:1208)
at org.testng.TestNG.runSuites(TestNG.java:1112)
at org.testng.TestNG.run(TestNG.java:1079)
at org.testng.remote.AbstractRemoteTestNG.run(AbstractRemoteTestNG.java:115)
at org.testng.remote.RemoteTestNG.initAndRun(RemoteTestNG.java:293)
at org.testng.remote.RemoteTestNG.main(RemoteTestNG.java:91)
]]>
            </full-stacktrace>
          </exception> <!-- java.lang.Throwable -->
          <reporter-output>
          </reporter-output>
        </test-method> <!-- waitForDeleteIcon -->
        <test-method signature="clickDeleteIcon()[pri:15, instance:test.BagistoStepByStepTest@587e5365]" started-at="2025-11-02T23:13:43 IST" name="clickDeleteIcon" finished-at="2025-11-02T23:13:43 IST" depends-on-methods="test.BagistoStepByStepTest.waitForDeleteIcon" duration-ms="0" status="SKIP">
          <exception class="java.lang.Throwable">
            <message>
              <![CDATA[Method test.BagistoStepByStepTest.clickDeleteIcon() on instance test.BagistoStepByStepTest@587e5365 depends on not successfully finished methods 
[test.BagistoStepByStepTest.waitForDeleteIcon() on instance test.BagistoStepByStepTest@587e5365]]]>
            </message>
            <full-stacktrace>
              <![CDATA[java.lang.Throwable: Method test.BagistoStepByStepTest.clickDeleteIcon() on instance test.BagistoStepByStepTest@587e5365 depends on not successfully finished methods 
[test.BagistoStepByStepTest.waitForDeleteIcon() on instance test.BagistoStepByStepTest@587e5365]
at org.testng.internal.invokers.TestInvoker.invokeTestMethods(TestInvoker.java:159)
at org.testng.internal.invokers.TestMethodWorker.invokeTestMethods(TestMethodWorker.java:154)
at org.testng.internal.invokers.TestMethodWorker.run(TestMethodWorker.java:134)
at java.base/java.util.ArrayList.forEach(ArrayList.java:1596)
at org.testng.TestRunner.privateRun(TestRunner.java:741)
at org.testng.TestRunner.run(TestRunner.java:616)
at org.testng.SuiteRunner.runTest(SuiteRunner.java:421)
at org.testng.SuiteRunner.runSequentially(SuiteRunner.java:413)
at org.testng.SuiteRunner.privateRun(SuiteRunner.java:373)
at org.testng.SuiteRunner.run(SuiteRunner.java:312)
at org.testng.SuiteRunnerWorker.runSuite(SuiteRunnerWorker.java:52)
at org.testng.SuiteRunnerWorker.run(SuiteRunnerWorker.java:95)
at org.testng.TestNG.runSuitesSequentially(TestNG.java:1274)
at org.testng.TestNG.runSuitesLocally(TestNG.java:1208)
at org.testng.TestNG.runSuites(TestNG.java:1112)
at org.testng.TestNG.run(TestNG.java:1079)
at org.testng.remote.AbstractRemoteTestNG.run(AbstractRemoteTestNG.java:115)
at org.testng.remote.RemoteTestNG.initAndRun(RemoteTestNG.java:293)
at org.testng.remote.RemoteTestNG.main(RemoteTestNG.java:91)
]]>
            </full-stacktrace>
          </exception> <!-- java.lang.Throwable -->
          <reporter-output>
          </reporter-output>
        </test-method> <!-- clickDeleteIcon -->
        <test-method signature="waitForAgreeBtn()[pri:16, instance:test.BagistoStepByStepTest@587e5365]" started-at="2025-11-02T23:13:43 IST" name="waitForAgreeBtn" finished-at="2025-11-02T23:13:43 IST" depends-on-methods="test.BagistoStepByStepTest.clickDeleteIcon" duration-ms="0" status="SKIP">
          <exception class="java.lang.Throwable">
            <message>
              <![CDATA[Method test.BagistoStepByStepTest.waitForAgreeBtn() on instance test.BagistoStepByStepTest@587e5365 depends on not successfully finished methods 
[test.BagistoStepByStepTest.clickDeleteIcon() on instance test.BagistoStepByStepTest@587e5365]]]>
            </message>
            <full-stacktrace>
              <![CDATA[java.lang.Throwable: Method test.BagistoStepByStepTest.waitForAgreeBtn() on instance test.BagistoStepByStepTest@587e5365 depends on not successfully finished methods 
[test.BagistoStepByStepTest.clickDeleteIcon() on instance test.BagistoStepByStepTest@587e5365]
at org.testng.internal.invokers.TestInvoker.invokeTestMethods(TestInvoker.java:159)
at org.testng.internal.invokers.TestMethodWorker.invokeTestMethods(TestMethodWorker.java:154)
at org.testng.internal.invokers.TestMethodWorker.run(TestMethodWorker.java:134)
at java.base/java.util.ArrayList.forEach(ArrayList.java:1596)
at org.testng.TestRunner.privateRun(TestRunner.java:741)
at org.testng.TestRunner.run(TestRunner.java:616)
at org.testng.SuiteRunner.runTest(SuiteRunner.java:421)
at org.testng.SuiteRunner.runSequentially(SuiteRunner.java:413)
at org.testng.SuiteRunner.privateRun(SuiteRunner.java:373)
at org.testng.SuiteRunner.run(SuiteRunner.java:312)
at org.testng.SuiteRunnerWorker.runSuite(SuiteRunnerWorker.java:52)
at org.testng.SuiteRunnerWorker.run(SuiteRunnerWorker.java:95)
at org.testng.TestNG.runSuitesSequentially(TestNG.java:1274)
at org.testng.TestNG.runSuitesLocally(TestNG.java:1208)
at org.testng.TestNG.runSuites(TestNG.java:1112)
at org.testng.TestNG.run(TestNG.java:1079)
at org.testng.remote.AbstractRemoteTestNG.run(AbstractRemoteTestNG.java:115)
at org.testng.remote.RemoteTestNG.initAndRun(RemoteTestNG.java:293)
at org.testng.remote.RemoteTestNG.main(RemoteTestNG.java:91)
]]>
            </full-stacktrace>
          </exception> <!-- java.lang.Throwable -->
          <reporter-output>
          </reporter-output>
        </test-method> <!-- waitForAgreeBtn -->
        <test-method signature="goToCustomersMenu()[pri:18, instance:test.BagistoStepByStepTest@587e5365]" started-at="2025-11-02T23:13:43 IST" name="goToCustomersMenu" finished-at="2025-11-02T23:13:43 IST" depends-on-methods="test.BagistoStepByStepTest.clickAgreeBtn" duration-ms="0" status="SKIP">
          <exception class="java.lang.Throwable">
            <message>
              <![CDATA[Method test.BagistoStepByStepTest.goToCustomersMenu() on instance test.BagistoStepByStepTest@587e5365 depends on not successfully finished methods 
[test.BagistoStepByStepTest.clickAgreeBtn() on instance test.BagistoStepByStepTest@587e5365]]]>
            </message>
            <full-stacktrace>
              <![CDATA[java.lang.Throwable: Method test.BagistoStepByStepTest.goToCustomersMenu() on instance test.BagistoStepByStepTest@587e5365 depends on not successfully finished methods 
[test.BagistoStepByStepTest.clickAgreeBtn() on instance test.BagistoStepByStepTest@587e5365]
at org.testng.internal.invokers.TestInvoker.invokeTestMethods(TestInvoker.java:159)
at org.testng.internal.invokers.TestMethodWorker.invokeTestMethods(TestMethodWorker.java:154)
at org.testng.internal.invokers.TestMethodWorker.run(TestMethodWorker.java:134)
at java.base/java.util.ArrayList.forEach(ArrayList.java:1596)
at org.testng.TestRunner.privateRun(TestRunner.java:741)
at org.testng.TestRunner.run(TestRunner.java:616)
at org.testng.SuiteRunner.runTest(SuiteRunner.java:421)
at org.testng.SuiteRunner.runSequentially(SuiteRunner.java:413)
at org.testng.SuiteRunner.privateRun(SuiteRunner.java:373)
at org.testng.SuiteRunner.run(SuiteRunner.java:312)
at org.testng.SuiteRunnerWorker.runSuite(SuiteRunnerWorker.java:52)
at org.testng.SuiteRunnerWorker.run(SuiteRunnerWorker.java:95)
at org.testng.TestNG.runSuitesSequentially(TestNG.java:1274)
at org.testng.TestNG.runSuitesLocally(TestNG.java:1208)
at org.testng.TestNG.runSuites(TestNG.java:1112)
at org.testng.TestNG.run(TestNG.java:1079)
at org.testng.remote.AbstractRemoteTestNG.run(AbstractRemoteTestNG.java:115)
at org.testng.remote.RemoteTestNG.initAndRun(RemoteTestNG.java:293)
at org.testng.remote.RemoteTestNG.main(RemoteTestNG.java:91)
]]>
            </full-stacktrace>
          </exception> <!-- java.lang.Throwable -->
          <reporter-output>
          </reporter-output>
        </test-method> <!-- goToCustomersMenu -->
        <test-method signature="clickAgreeBtn()[pri:17, instance:test.BagistoStepByStepTest@587e5365]" started-at="2025-11-02T23:13:43 IST" name="clickAgreeBtn" finished-at="2025-11-02T23:13:43 IST" depends-on-methods="test.BagistoStepByStepTest.waitForAgreeBtn" duration-ms="0" status="SKIP">
          <exception class="java.lang.Throwable">
            <message>
              <![CDATA[Method test.BagistoStepByStepTest.clickAgreeBtn() on instance test.BagistoStepByStepTest@587e5365 depends on not successfully finished methods 
[test.BagistoStepByStepTest.waitForAgreeBtn() on instance test.BagistoStepByStepTest@587e5365]]]>
            </message>
            <full-stacktrace>
              <![CDATA[java.lang.Throwable: Method test.BagistoStepByStepTest.clickAgreeBtn() on instance test.BagistoStepByStepTest@587e5365 depends on not successfully finished methods 
[test.BagistoStepByStepTest.waitForAgreeBtn() on instance test.BagistoStepByStepTest@587e5365]
at org.testng.internal.invokers.TestInvoker.invokeTestMethods(TestInvoker.java:159)
at org.testng.internal.invokers.TestMethodWorker.invokeTestMethods(TestMethodWorker.java:154)
at org.testng.internal.invokers.TestMethodWorker.run(TestMethodWorker.java:134)
at java.base/java.util.ArrayList.forEach(ArrayList.java:1596)
at org.testng.TestRunner.privateRun(TestRunner.java:741)
at org.testng.TestRunner.run(TestRunner.java:616)
at org.testng.SuiteRunner.runTest(SuiteRunner.java:421)
at org.testng.SuiteRunner.runSequentially(SuiteRunner.java:413)
at org.testng.SuiteRunner.privateRun(SuiteRunner.java:373)
at org.testng.SuiteRunner.run(SuiteRunner.java:312)
at org.testng.SuiteRunnerWorker.runSuite(SuiteRunnerWorker.java:52)
at org.testng.SuiteRunnerWorker.run(SuiteRunnerWorker.java:95)
at org.testng.TestNG.runSuitesSequentially(TestNG.java:1274)
at org.testng.TestNG.runSuitesLocally(TestNG.java:1208)
at org.testng.TestNG.runSuites(TestNG.java:1112)
at org.testng.TestNG.run(TestNG.java:1079)
at org.testng.remote.AbstractRemoteTestNG.run(AbstractRemoteTestNG.java:115)
at org.testng.remote.RemoteTestNG.initAndRun(RemoteTestNG.java:293)
at org.testng.remote.RemoteTestNG.main(RemoteTestNG.java:91)
]]>
            </full-stacktrace>
          </exception> <!-- java.lang.Throwable -->
          <reporter-output>
          </reporter-output>
        </test-method> <!-- clickAgreeBtn -->
        <test-method signature="clickCustomersSubMenu()[pri:19, instance:test.BagistoStepByStepTest@587e5365]" started-at="2025-11-02T23:13:43 IST" name="clickCustomersSubMenu" finished-at="2025-11-02T23:13:43 IST" depends-on-methods="test.BagistoStepByStepTest.goToCustomersMenu" duration-ms="0" status="SKIP">
          <exception class="java.lang.Throwable">
            <message>
              <![CDATA[Method test.BagistoStepByStepTest.clickCustomersSubMenu() on instance test.BagistoStepByStepTest@587e5365 depends on not successfully finished methods 
[test.BagistoStepByStepTest.goToCustomersMenu() on instance test.BagistoStepByStepTest@587e5365]]]>
            </message>
            <full-stacktrace>
              <![CDATA[java.lang.Throwable: Method test.BagistoStepByStepTest.clickCustomersSubMenu() on instance test.BagistoStepByStepTest@587e5365 depends on not successfully finished methods 
[test.BagistoStepByStepTest.goToCustomersMenu() on instance test.BagistoStepByStepTest@587e5365]
at org.testng.internal.invokers.TestInvoker.invokeTestMethods(TestInvoker.java:159)
at org.testng.internal.invokers.TestMethodWorker.invokeTestMethods(TestMethodWorker.java:154)
at org.testng.internal.invokers.TestMethodWorker.run(TestMethodWorker.java:134)
at java.base/java.util.ArrayList.forEach(ArrayList.java:1596)
at org.testng.TestRunner.privateRun(TestRunner.java:741)
at org.testng.TestRunner.run(TestRunner.java:616)
at org.testng.SuiteRunner.runTest(SuiteRunner.java:421)
at org.testng.SuiteRunner.runSequentially(SuiteRunner.java:413)
at org.testng.SuiteRunner.privateRun(SuiteRunner.java:373)
at org.testng.SuiteRunner.run(SuiteRunner.java:312)
at org.testng.SuiteRunnerWorker.runSuite(SuiteRunnerWorker.java:52)
at org.testng.SuiteRunnerWorker.run(SuiteRunnerWorker.java:95)
at org.testng.TestNG.runSuitesSequentially(TestNG.java:1274)
at org.testng.TestNG.runSuitesLocally(TestNG.java:1208)
at org.testng.TestNG.runSuites(TestNG.java:1112)
at org.testng.TestNG.run(TestNG.java:1079)
at org.testng.remote.AbstractRemoteTestNG.run(AbstractRemoteTestNG.java:115)
at org.testng.remote.RemoteTestNG.initAndRun(RemoteTestNG.java:293)
at org.testng.remote.RemoteTestNG.main(RemoteTestNG.java:91)
]]>
            </full-stacktrace>
          </exception> <!-- java.lang.Throwable -->
          <reporter-output>
          </reporter-output>
        </test-method> <!-- clickCustomersSubMenu -->
        <test-method signature="clickCreateCustomerBtn()[pri:20, instance:test.BagistoStepByStepTest@587e5365]" started-at="2025-11-02T23:13:43 IST" name="clickCreateCustomerBtn" finished-at="2025-11-02T23:13:43 IST" depends-on-methods="test.BagistoStepByStepTest.clickCustomersSubMenu" duration-ms="0" status="SKIP">
          <exception class="java.lang.Throwable">
            <message>
              <![CDATA[Method test.BagistoStepByStepTest.clickCreateCustomerBtn() on instance test.BagistoStepByStepTest@587e5365 depends on not successfully finished methods 
[test.BagistoStepByStepTest.clickCustomersSubMenu() on instance test.BagistoStepByStepTest@587e5365]]]>
            </message>
            <full-stacktrace>
              <![CDATA[java.lang.Throwable: Method test.BagistoStepByStepTest.clickCreateCustomerBtn() on instance test.BagistoStepByStepTest@587e5365 depends on not successfully finished methods 
[test.BagistoStepByStepTest.clickCustomersSubMenu() on instance test.BagistoStepByStepTest@587e5365]
at org.testng.internal.invokers.TestInvoker.invokeTestMethods(TestInvoker.java:159)
at org.testng.internal.invokers.TestMethodWorker.invokeTestMethods(TestMethodWorker.java:154)
at org.testng.internal.invokers.TestMethodWorker.run(TestMethodWorker.java:134)
at java.base/java.util.ArrayList.forEach(ArrayList.java:1596)
at org.testng.TestRunner.privateRun(TestRunner.java:741)
at org.testng.TestRunner.run(TestRunner.java:616)
at org.testng.SuiteRunner.runTest(SuiteRunner.java:421)
at org.testng.SuiteRunner.runSequentially(SuiteRunner.java:413)
at org.testng.SuiteRunner.privateRun(SuiteRunner.java:373)
at org.testng.SuiteRunner.run(SuiteRunner.java:312)
at org.testng.SuiteRunnerWorker.runSuite(SuiteRunnerWorker.java:52)
at org.testng.SuiteRunnerWorker.run(SuiteRunnerWorker.java:95)
at org.testng.TestNG.runSuitesSequentially(TestNG.java:1274)
at org.testng.TestNG.runSuitesLocally(TestNG.java:1208)
at org.testng.TestNG.runSuites(TestNG.java:1112)
at org.testng.TestNG.run(TestNG.java:1079)
at org.testng.remote.AbstractRemoteTestNG.run(AbstractRemoteTestNG.java:115)
at org.testng.remote.RemoteTestNG.initAndRun(RemoteTestNG.java:293)
at org.testng.remote.RemoteTestNG.main(RemoteTestNG.java:91)
]]>
            </full-stacktrace>
          </exception> <!-- java.lang.Throwable -->
          <reporter-output>
          </reporter-output>
        </test-method> <!-- clickCreateCustomerBtn -->
        <test-method signature="enterFirstName()[pri:21, instance:test.BagistoStepByStepTest@587e5365]" started-at="2025-11-02T23:13:43 IST" name="enterFirstName" finished-at="2025-11-02T23:13:43 IST" depends-on-methods="test.BagistoStepByStepTest.clickCreateCustomerBtn" duration-ms="0" status="SKIP">
          <exception class="java.lang.Throwable">
            <message>
              <![CDATA[Method test.BagistoStepByStepTest.enterFirstName() on instance test.BagistoStepByStepTest@587e5365 depends on not successfully finished methods 
[test.BagistoStepByStepTest.clickCreateCustomerBtn() on instance test.BagistoStepByStepTest@587e5365]]]>
            </message>
            <full-stacktrace>
              <![CDATA[java.lang.Throwable: Method test.BagistoStepByStepTest.enterFirstName() on instance test.BagistoStepByStepTest@587e5365 depends on not successfully finished methods 
[test.BagistoStepByStepTest.clickCreateCustomerBtn() on instance test.BagistoStepByStepTest@587e5365]
at org.testng.internal.invokers.TestInvoker.invokeTestMethods(TestInvoker.java:159)
at org.testng.internal.invokers.TestMethodWorker.invokeTestMethods(TestMethodWorker.java:154)
at org.testng.internal.invokers.TestMethodWorker.run(TestMethodWorker.java:134)
at java.base/java.util.ArrayList.forEach(ArrayList.java:1596)
at org.testng.TestRunner.privateRun(TestRunner.java:741)
at org.testng.TestRunner.run(TestRunner.java:616)
at org.testng.SuiteRunner.runTest(SuiteRunner.java:421)
at org.testng.SuiteRunner.runSequentially(SuiteRunner.java:413)
at org.testng.SuiteRunner.privateRun(SuiteRunner.java:373)
at org.testng.SuiteRunner.run(SuiteRunner.java:312)
at org.testng.SuiteRunnerWorker.runSuite(SuiteRunnerWorker.java:52)
at org.testng.SuiteRunnerWorker.run(SuiteRunnerWorker.java:95)
at org.testng.TestNG.runSuitesSequentially(TestNG.java:1274)
at org.testng.TestNG.runSuitesLocally(TestNG.java:1208)
at org.testng.TestNG.runSuites(TestNG.java:1112)
at org.testng.TestNG.run(TestNG.java:1079)
at org.testng.remote.AbstractRemoteTestNG.run(AbstractRemoteTestNG.java:115)
at org.testng.remote.RemoteTestNG.initAndRun(RemoteTestNG.java:293)
at org.testng.remote.RemoteTestNG.main(RemoteTestNG.java:91)
]]>
            </full-stacktrace>
          </exception> <!-- java.lang.Throwable -->
          <reporter-output>
          </reporter-output>
        </test-method> <!-- enterFirstName -->
        <test-method signature="enterLastName()[pri:22, instance:test.BagistoStepByStepTest@587e5365]" started-at="2025-11-02T23:13:43 IST" name="enterLastName" finished-at="2025-11-02T23:13:43 IST" depends-on-methods="test.BagistoStepByStepTest.enterFirstName" duration-ms="0" status="SKIP">
          <exception class="java.lang.Throwable">
            <message>
              <![CDATA[Method test.BagistoStepByStepTest.enterLastName() on instance test.BagistoStepByStepTest@587e5365 depends on not successfully finished methods 
[test.BagistoStepByStepTest.enterFirstName() on instance test.BagistoStepByStepTest@587e5365]]]>
            </message>
            <full-stacktrace>
              <![CDATA[java.lang.Throwable: Method test.BagistoStepByStepTest.enterLastName() on instance test.BagistoStepByStepTest@587e5365 depends on not successfully finished methods 
[test.BagistoStepByStepTest.enterFirstName() on instance test.BagistoStepByStepTest@587e5365]
at org.testng.internal.invokers.TestInvoker.invokeTestMethods(TestInvoker.java:159)
at org.testng.internal.invokers.TestMethodWorker.invokeTestMethods(TestMethodWorker.java:154)
at org.testng.internal.invokers.TestMethodWorker.run(TestMethodWorker.java:134)
at java.base/java.util.ArrayList.forEach(ArrayList.java:1596)
at org.testng.TestRunner.privateRun(TestRunner.java:741)
at org.testng.TestRunner.run(TestRunner.java:616)
at org.testng.SuiteRunner.runTest(SuiteRunner.java:421)
at org.testng.SuiteRunner.runSequentially(SuiteRunner.java:413)
at org.testng.SuiteRunner.privateRun(SuiteRunner.java:373)
at org.testng.SuiteRunner.run(SuiteRunner.java:312)
at org.testng.SuiteRunnerWorker.runSuite(SuiteRunnerWorker.java:52)
at org.testng.SuiteRunnerWorker.run(SuiteRunnerWorker.java:95)
at org.testng.TestNG.runSuitesSequentially(TestNG.java:1274)
at org.testng.TestNG.runSuitesLocally(TestNG.java:1208)
at org.testng.TestNG.runSuites(TestNG.java:1112)
at org.testng.TestNG.run(TestNG.java:1079)
at org.testng.remote.AbstractRemoteTestNG.run(AbstractRemoteTestNG.java:115)
at org.testng.remote.RemoteTestNG.initAndRun(RemoteTestNG.java:293)
at org.testng.remote.RemoteTestNG.main(RemoteTestNG.java:91)
]]>
            </full-stacktrace>
          </exception> <!-- java.lang.Throwable -->
          <reporter-output>
          </reporter-output>
        </test-method> <!-- enterLastName -->
        <test-method signature="enterCustomerEmail()[pri:23, instance:test.BagistoStepByStepTest@587e5365]" started-at="2025-11-02T23:13:43 IST" name="enterCustomerEmail" finished-at="2025-11-02T23:13:43 IST" depends-on-methods="test.BagistoStepByStepTest.enterLastName" duration-ms="0" status="SKIP">
          <exception class="java.lang.Throwable">
            <message>
              <![CDATA[Method test.BagistoStepByStepTest.enterCustomerEmail() on instance test.BagistoStepByStepTest@587e5365 depends on not successfully finished methods 
[test.BagistoStepByStepTest.enterLastName() on instance test.BagistoStepByStepTest@587e5365]]]>
            </message>
            <full-stacktrace>
              <![CDATA[java.lang.Throwable: Method test.BagistoStepByStepTest.enterCustomerEmail() on instance test.BagistoStepByStepTest@587e5365 depends on not successfully finished methods 
[test.BagistoStepByStepTest.enterLastName() on instance test.BagistoStepByStepTest@587e5365]
at org.testng.internal.invokers.TestInvoker.invokeTestMethods(TestInvoker.java:159)
at org.testng.internal.invokers.TestMethodWorker.invokeTestMethods(TestMethodWorker.java:154)
at org.testng.internal.invokers.TestMethodWorker.run(TestMethodWorker.java:134)
at java.base/java.util.ArrayList.forEach(ArrayList.java:1596)
at org.testng.TestRunner.privateRun(TestRunner.java:741)
at org.testng.TestRunner.run(TestRunner.java:616)
at org.testng.SuiteRunner.runTest(SuiteRunner.java:421)
at org.testng.SuiteRunner.runSequentially(SuiteRunner.java:413)
at org.testng.SuiteRunner.privateRun(SuiteRunner.java:373)
at org.testng.SuiteRunner.run(SuiteRunner.java:312)
at org.testng.SuiteRunnerWorker.runSuite(SuiteRunnerWorker.java:52)
at org.testng.SuiteRunnerWorker.run(SuiteRunnerWorker.java:95)
at org.testng.TestNG.runSuitesSequentially(TestNG.java:1274)
at org.testng.TestNG.runSuitesLocally(TestNG.java:1208)
at org.testng.TestNG.runSuites(TestNG.java:1112)
at org.testng.TestNG.run(TestNG.java:1079)
at org.testng.remote.AbstractRemoteTestNG.run(AbstractRemoteTestNG.java:115)
at org.testng.remote.RemoteTestNG.initAndRun(RemoteTestNG.java:293)
at org.testng.remote.RemoteTestNG.main(RemoteTestNG.java:91)
]]>
            </full-stacktrace>
          </exception> <!-- java.lang.Throwable -->
          <reporter-output>
          </reporter-output>
        </test-method> <!-- enterCustomerEmail -->
        <test-method signature="selectGender()[pri:24, instance:test.BagistoStepByStepTest@587e5365]" started-at="2025-11-02T23:13:43 IST" name="selectGender" finished-at="2025-11-02T23:13:43 IST" depends-on-methods="test.BagistoStepByStepTest.enterCustomerEmail" duration-ms="0" status="SKIP">
          <exception class="java.lang.Throwable">
            <message>
              <![CDATA[Method test.BagistoStepByStepTest.selectGender() on instance test.BagistoStepByStepTest@587e5365 depends on not successfully finished methods 
[test.BagistoStepByStepTest.enterCustomerEmail() on instance test.BagistoStepByStepTest@587e5365]]]>
            </message>
            <full-stacktrace>
              <![CDATA[java.lang.Throwable: Method test.BagistoStepByStepTest.selectGender() on instance test.BagistoStepByStepTest@587e5365 depends on not successfully finished methods 
[test.BagistoStepByStepTest.enterCustomerEmail() on instance test.BagistoStepByStepTest@587e5365]
at org.testng.internal.invokers.TestInvoker.invokeTestMethods(TestInvoker.java:159)
at org.testng.internal.invokers.TestMethodWorker.invokeTestMethods(TestMethodWorker.java:154)
at org.testng.internal.invokers.TestMethodWorker.run(TestMethodWorker.java:134)
at java.base/java.util.ArrayList.forEach(ArrayList.java:1596)
at org.testng.TestRunner.privateRun(TestRunner.java:741)
at org.testng.TestRunner.run(TestRunner.java:616)
at org.testng.SuiteRunner.runTest(SuiteRunner.java:421)
at org.testng.SuiteRunner.runSequentially(SuiteRunner.java:413)
at org.testng.SuiteRunner.privateRun(SuiteRunner.java:373)
at org.testng.SuiteRunner.run(SuiteRunner.java:312)
at org.testng.SuiteRunnerWorker.runSuite(SuiteRunnerWorker.java:52)
at org.testng.SuiteRunnerWorker.run(SuiteRunnerWorker.java:95)
at org.testng.TestNG.runSuitesSequentially(TestNG.java:1274)
at org.testng.TestNG.runSuitesLocally(TestNG.java:1208)
at org.testng.TestNG.runSuites(TestNG.java:1112)
at org.testng.TestNG.run(TestNG.java:1079)
at org.testng.remote.AbstractRemoteTestNG.run(AbstractRemoteTestNG.java:115)
at org.testng.remote.RemoteTestNG.initAndRun(RemoteTestNG.java:293)
at org.testng.remote.RemoteTestNG.main(RemoteTestNG.java:91)
]]>
            </full-stacktrace>
          </exception> <!-- java.lang.Throwable -->
          <reporter-output>
          </reporter-output>
        </test-method> <!-- selectGender -->
        <test-method signature="clickSaveCustomerBtn()[pri:25, instance:test.BagistoStepByStepTest@587e5365]" started-at="2025-11-02T23:13:43 IST" name="clickSaveCustomerBtn" finished-at="2025-11-02T23:13:43 IST" depends-on-methods="test.BagistoStepByStepTest.selectGender" duration-ms="0" status="SKIP">
          <exception class="java.lang.Throwable">
            <message>
              <![CDATA[Method test.BagistoStepByStepTest.clickSaveCustomerBtn() on instance test.BagistoStepByStepTest@587e5365 depends on not successfully finished methods 
[test.BagistoStepByStepTest.selectGender() on instance test.BagistoStepByStepTest@587e5365]]]>
            </message>
            <full-stacktrace>
              <![CDATA[java.lang.Throwable: Method test.BagistoStepByStepTest.clickSaveCustomerBtn() on instance test.BagistoStepByStepTest@587e5365 depends on not successfully finished methods 
[test.BagistoStepByStepTest.selectGender() on instance test.BagistoStepByStepTest@587e5365]
at org.testng.internal.invokers.TestInvoker.invokeTestMethods(TestInvoker.java:159)
at org.testng.internal.invokers.TestMethodWorker.invokeTestMethods(TestMethodWorker.java:154)
at org.testng.internal.invokers.TestMethodWorker.run(TestMethodWorker.java:134)
at java.base/java.util.ArrayList.forEach(ArrayList.java:1596)
at org.testng.TestRunner.privateRun(TestRunner.java:741)
at org.testng.TestRunner.run(TestRunner.java:616)
at org.testng.SuiteRunner.runTest(SuiteRunner.java:421)
at org.testng.SuiteRunner.runSequentially(SuiteRunner.java:413)
at org.testng.SuiteRunner.privateRun(SuiteRunner.java:373)
at org.testng.SuiteRunner.run(SuiteRunner.java:312)
at org.testng.SuiteRunnerWorker.runSuite(SuiteRunnerWorker.java:52)
at org.testng.SuiteRunnerWorker.run(SuiteRunnerWorker.java:95)
at org.testng.TestNG.runSuitesSequentially(TestNG.java:1274)
at org.testng.TestNG.runSuitesLocally(TestNG.java:1208)
at org.testng.TestNG.runSuites(TestNG.java:1112)
at org.testng.TestNG.run(TestNG.java:1079)
at org.testng.remote.AbstractRemoteTestNG.run(AbstractRemoteTestNG.java:115)
at org.testng.remote.RemoteTestNG.initAndRun(RemoteTestNG.java:293)
at org.testng.remote.RemoteTestNG.main(RemoteTestNG.java:91)
]]>
            </full-stacktrace>
          </exception> <!-- java.lang.Throwable -->
          <reporter-output>
          </reporter-output>
        </test-method> <!-- clickSaveCustomerBtn -->
        <test-method signature="clickNewCustomerLogin()[pri:26, instance:test.BagistoStepByStepTest@587e5365]" started-at="2025-11-02T23:13:43 IST" name="clickNewCustomerLogin" finished-at="2025-11-02T23:13:43 IST" depends-on-methods="test.BagistoStepByStepTest.clickSaveCustomerBtn" duration-ms="0" status="SKIP">
          <exception class="java.lang.Throwable">
            <message>
              <![CDATA[Method test.BagistoStepByStepTest.clickNewCustomerLogin() on instance test.BagistoStepByStepTest@587e5365 depends on not successfully finished methods 
[test.BagistoStepByStepTest.clickSaveCustomerBtn() on instance test.BagistoStepByStepTest@587e5365]]]>
            </message>
            <full-stacktrace>
              <![CDATA[java.lang.Throwable: Method test.BagistoStepByStepTest.clickNewCustomerLogin() on instance test.BagistoStepByStepTest@587e5365 depends on not successfully finished methods 
[test.BagistoStepByStepTest.clickSaveCustomerBtn() on instance test.BagistoStepByStepTest@587e5365]
at org.testng.internal.invokers.TestInvoker.invokeTestMethods(TestInvoker.java:159)
at org.testng.internal.invokers.TestMethodWorker.invokeTestMethods(TestMethodWorker.java:154)
at org.testng.internal.invokers.TestMethodWorker.run(TestMethodWorker.java:134)
at java.base/java.util.ArrayList.forEach(ArrayList.java:1596)
at org.testng.TestRunner.privateRun(TestRunner.java:741)
at org.testng.TestRunner.run(TestRunner.java:616)
at org.testng.SuiteRunner.runTest(SuiteRunner.java:421)
at org.testng.SuiteRunner.runSequentially(SuiteRunner.java:413)
at org.testng.SuiteRunner.privateRun(SuiteRunner.java:373)
at org.testng.SuiteRunner.run(SuiteRunner.java:312)
at org.testng.SuiteRunnerWorker.runSuite(SuiteRunnerWorker.java:52)
at org.testng.SuiteRunnerWorker.run(SuiteRunnerWorker.java:95)
at org.testng.TestNG.runSuitesSequentially(TestNG.java:1274)
at org.testng.TestNG.runSuitesLocally(TestNG.java:1208)
at org.testng.TestNG.runSuites(TestNG.java:1112)
at org.testng.TestNG.run(TestNG.java:1079)
at org.testng.remote.AbstractRemoteTestNG.run(AbstractRemoteTestNG.java:115)
at org.testng.remote.RemoteTestNG.initAndRun(RemoteTestNG.java:293)
at org.testng.remote.RemoteTestNG.main(RemoteTestNG.java:91)
]]>
            </full-stacktrace>
          </exception> <!-- java.lang.Throwable -->
          <reporter-output>
          </reporter-output>
        </test-method> <!-- clickNewCustomerLogin -->
        <test-method signature="clickAddress()[pri:27, instance:test.BagistoStepByStepTest@587e5365]" started-at="2025-11-02T23:13:43 IST" name="clickAddress" finished-at="2025-11-02T23:13:43 IST" depends-on-methods="test.BagistoStepByStepTest.clickNewCustomerLogin" duration-ms="0" status="SKIP">
          <exception class="java.lang.Throwable">
            <message>
              <![CDATA[Method test.BagistoStepByStepTest.clickAddress() on instance test.BagistoStepByStepTest@587e5365 depends on not successfully finished methods 
[test.BagistoStepByStepTest.clickNewCustomerLogin() on instance test.BagistoStepByStepTest@587e5365]]]>
            </message>
            <full-stacktrace>
              <![CDATA[java.lang.Throwable: Method test.BagistoStepByStepTest.clickAddress() on instance test.BagistoStepByStepTest@587e5365 depends on not successfully finished methods 
[test.BagistoStepByStepTest.clickNewCustomerLogin() on instance test.BagistoStepByStepTest@587e5365]
at org.testng.internal.invokers.TestInvoker.invokeTestMethods(TestInvoker.java:159)
at org.testng.internal.invokers.TestMethodWorker.invokeTestMethods(TestMethodWorker.java:154)
at org.testng.internal.invokers.TestMethodWorker.run(TestMethodWorker.java:134)
at java.base/java.util.ArrayList.forEach(ArrayList.java:1596)
at org.testng.TestRunner.privateRun(TestRunner.java:741)
at org.testng.TestRunner.run(TestRunner.java:616)
at org.testng.SuiteRunner.runTest(SuiteRunner.java:421)
at org.testng.SuiteRunner.runSequentially(SuiteRunner.java:413)
at org.testng.SuiteRunner.privateRun(SuiteRunner.java:373)
at org.testng.SuiteRunner.run(SuiteRunner.java:312)
at org.testng.SuiteRunnerWorker.runSuite(SuiteRunnerWorker.java:52)
at org.testng.SuiteRunnerWorker.run(SuiteRunnerWorker.java:95)
at org.testng.TestNG.runSuitesSequentially(TestNG.java:1274)
at org.testng.TestNG.runSuitesLocally(TestNG.java:1208)
at org.testng.TestNG.runSuites(TestNG.java:1112)
at org.testng.TestNG.run(TestNG.java:1079)
at org.testng.remote.AbstractRemoteTestNG.run(AbstractRemoteTestNG.java:115)
at org.testng.remote.RemoteTestNG.initAndRun(RemoteTestNG.java:293)
at org.testng.remote.RemoteTestNG.main(RemoteTestNG.java:91)
]]>
            </full-stacktrace>
          </exception> <!-- java.lang.Throwable -->
          <reporter-output>
          </reporter-output>
        </test-method> <!-- clickAddress -->
        <test-method signature="clickAddAddressBtn()[pri:28, instance:test.BagistoStepByStepTest@587e5365]" started-at="2025-11-02T23:13:43 IST" name="clickAddAddressBtn" finished-at="2025-11-02T23:13:43 IST" depends-on-methods="test.BagistoStepByStepTest.clickAddress" duration-ms="0" status="SKIP">
          <exception class="java.lang.Throwable">
            <message>
              <![CDATA[Method test.BagistoStepByStepTest.clickAddAddressBtn() on instance test.BagistoStepByStepTest@587e5365 depends on not successfully finished methods 
[test.BagistoStepByStepTest.clickAddress() on instance test.BagistoStepByStepTest@587e5365]]]>
            </message>
            <full-stacktrace>
              <![CDATA[java.lang.Throwable: Method test.BagistoStepByStepTest.clickAddAddressBtn() on instance test.BagistoStepByStepTest@587e5365 depends on not successfully finished methods 
[test.BagistoStepByStepTest.clickAddress() on instance test.BagistoStepByStepTest@587e5365]
at org.testng.internal.invokers.TestInvoker.invokeTestMethods(TestInvoker.java:159)
at org.testng.internal.invokers.TestMethodWorker.invokeTestMethods(TestMethodWorker.java:154)
at org.testng.internal.invokers.TestMethodWorker.run(TestMethodWorker.java:134)
at java.base/java.util.ArrayList.forEach(ArrayList.java:1596)
at org.testng.TestRunner.privateRun(TestRunner.java:741)
at org.testng.TestRunner.run(TestRunner.java:616)
at org.testng.SuiteRunner.runTest(SuiteRunner.java:421)
at org.testng.SuiteRunner.runSequentially(SuiteRunner.java:413)
at org.testng.SuiteRunner.privateRun(SuiteRunner.java:373)
at org.testng.SuiteRunner.run(SuiteRunner.java:312)
at org.testng.SuiteRunnerWorker.runSuite(SuiteRunnerWorker.java:52)
at org.testng.SuiteRunnerWorker.run(SuiteRunnerWorker.java:95)
at org.testng.TestNG.runSuitesSequentially(TestNG.java:1274)
at org.testng.TestNG.runSuitesLocally(TestNG.java:1208)
at org.testng.TestNG.runSuites(TestNG.java:1112)
at org.testng.TestNG.run(TestNG.java:1079)
at org.testng.remote.AbstractRemoteTestNG.run(AbstractRemoteTestNG.java:115)
at org.testng.remote.RemoteTestNG.initAndRun(RemoteTestNG.java:293)
at org.testng.remote.RemoteTestNG.main(RemoteTestNG.java:91)
]]>
            </full-stacktrace>
          </exception> <!-- java.lang.Throwable -->
          <reporter-output>
          </reporter-output>
        </test-method> <!-- clickAddAddressBtn -->
        <test-method signature="enterAddressFirstName()[pri:29, instance:test.BagistoStepByStepTest@587e5365]" started-at="2025-11-02T23:13:43 IST" name="enterAddressFirstName" finished-at="2025-11-02T23:13:43 IST" depends-on-methods="test.BagistoStepByStepTest.clickAddAddressBtn" duration-ms="0" status="SKIP">
          <exception class="java.lang.Throwable">
            <message>
              <![CDATA[Method test.BagistoStepByStepTest.enterAddressFirstName() on instance test.BagistoStepByStepTest@587e5365 depends on not successfully finished methods 
[test.BagistoStepByStepTest.clickAddAddressBtn() on instance test.BagistoStepByStepTest@587e5365]]]>
            </message>
            <full-stacktrace>
              <![CDATA[java.lang.Throwable: Method test.BagistoStepByStepTest.enterAddressFirstName() on instance test.BagistoStepByStepTest@587e5365 depends on not successfully finished methods 
[test.BagistoStepByStepTest.clickAddAddressBtn() on instance test.BagistoStepByStepTest@587e5365]
at org.testng.internal.invokers.TestInvoker.invokeTestMethods(TestInvoker.java:159)
at org.testng.internal.invokers.TestMethodWorker.invokeTestMethods(TestMethodWorker.java:154)
at org.testng.internal.invokers.TestMethodWorker.run(TestMethodWorker.java:134)
at java.base/java.util.ArrayList.forEach(ArrayList.java:1596)
at org.testng.TestRunner.privateRun(TestRunner.java:741)
at org.testng.TestRunner.run(TestRunner.java:616)
at org.testng.SuiteRunner.runTest(SuiteRunner.java:421)
at org.testng.SuiteRunner.runSequentially(SuiteRunner.java:413)
at org.testng.SuiteRunner.privateRun(SuiteRunner.java:373)
at org.testng.SuiteRunner.run(SuiteRunner.java:312)
at org.testng.SuiteRunnerWorker.runSuite(SuiteRunnerWorker.java:52)
at org.testng.SuiteRunnerWorker.run(SuiteRunnerWorker.java:95)
at org.testng.TestNG.runSuitesSequentially(TestNG.java:1274)
at org.testng.TestNG.runSuitesLocally(TestNG.java:1208)
at org.testng.TestNG.runSuites(TestNG.java:1112)
at org.testng.TestNG.run(TestNG.java:1079)
at org.testng.remote.AbstractRemoteTestNG.run(AbstractRemoteTestNG.java:115)
at org.testng.remote.RemoteTestNG.initAndRun(RemoteTestNG.java:293)
at org.testng.remote.RemoteTestNG.main(RemoteTestNG.java:91)
]]>
            </full-stacktrace>
          </exception> <!-- java.lang.Throwable -->
          <reporter-output>
          </reporter-output>
        </test-method> <!-- enterAddressFirstName -->
        <test-method signature="enterAddressLastName()[pri:30, instance:test.BagistoStepByStepTest@587e5365]" started-at="2025-11-02T23:13:43 IST" name="enterAddressLastName" finished-at="2025-11-02T23:13:43 IST" depends-on-methods="test.BagistoStepByStepTest.enterAddressFirstName" duration-ms="0" status="SKIP">
          <exception class="java.lang.Throwable">
            <message>
              <![CDATA[Method test.BagistoStepByStepTest.enterAddressLastName() on instance test.BagistoStepByStepTest@587e5365 depends on not successfully finished methods 
[test.BagistoStepByStepTest.enterAddressFirstName() on instance test.BagistoStepByStepTest@587e5365]]]>
            </message>
            <full-stacktrace>
              <![CDATA[java.lang.Throwable: Method test.BagistoStepByStepTest.enterAddressLastName() on instance test.BagistoStepByStepTest@587e5365 depends on not successfully finished methods 
[test.BagistoStepByStepTest.enterAddressFirstName() on instance test.BagistoStepByStepTest@587e5365]
at org.testng.internal.invokers.TestInvoker.invokeTestMethods(TestInvoker.java:159)
at org.testng.internal.invokers.TestMethodWorker.invokeTestMethods(TestMethodWorker.java:154)
at org.testng.internal.invokers.TestMethodWorker.run(TestMethodWorker.java:134)
at java.base/java.util.ArrayList.forEach(ArrayList.java:1596)
at org.testng.TestRunner.privateRun(TestRunner.java:741)
at org.testng.TestRunner.run(TestRunner.java:616)
at org.testng.SuiteRunner.runTest(SuiteRunner.java:421)
at org.testng.SuiteRunner.runSequentially(SuiteRunner.java:413)
at org.testng.SuiteRunner.privateRun(SuiteRunner.java:373)
at org.testng.SuiteRunner.run(SuiteRunner.java:312)
at org.testng.SuiteRunnerWorker.runSuite(SuiteRunnerWorker.java:52)
at org.testng.SuiteRunnerWorker.run(SuiteRunnerWorker.java:95)
at org.testng.TestNG.runSuitesSequentially(TestNG.java:1274)
at org.testng.TestNG.runSuitesLocally(TestNG.java:1208)
at org.testng.TestNG.runSuites(TestNG.java:1112)
at org.testng.TestNG.run(TestNG.java:1079)
at org.testng.remote.AbstractRemoteTestNG.run(AbstractRemoteTestNG.java:115)
at org.testng.remote.RemoteTestNG.initAndRun(RemoteTestNG.java:293)
at org.testng.remote.RemoteTestNG.main(RemoteTestNG.java:91)
]]>
            </full-stacktrace>
          </exception> <!-- java.lang.Throwable -->
          <reporter-output>
          </reporter-output>
        </test-method> <!-- enterAddressLastName -->
        <test-method signature="enterAddressEmail()[pri:31, instance:test.BagistoStepByStepTest@587e5365]" started-at="2025-11-02T23:13:43 IST" name="enterAddressEmail" finished-at="2025-11-02T23:13:43 IST" depends-on-methods="test.BagistoStepByStepTest.enterAddressLastName" duration-ms="0" status="SKIP">
          <exception class="java.lang.Throwable">
            <message>
              <![CDATA[Method test.BagistoStepByStepTest.enterAddressEmail() on instance test.BagistoStepByStepTest@587e5365 depends on not successfully finished methods 
[test.BagistoStepByStepTest.enterAddressLastName() on instance test.BagistoStepByStepTest@587e5365]]]>
            </message>
            <full-stacktrace>
              <![CDATA[java.lang.Throwable: Method test.BagistoStepByStepTest.enterAddressEmail() on instance test.BagistoStepByStepTest@587e5365 depends on not successfully finished methods 
[test.BagistoStepByStepTest.enterAddressLastName() on instance test.BagistoStepByStepTest@587e5365]
at org.testng.internal.invokers.TestInvoker.invokeTestMethods(TestInvoker.java:159)
at org.testng.internal.invokers.TestMethodWorker.invokeTestMethods(TestMethodWorker.java:154)
at org.testng.internal.invokers.TestMethodWorker.run(TestMethodWorker.java:134)
at java.base/java.util.ArrayList.forEach(ArrayList.java:1596)
at org.testng.TestRunner.privateRun(TestRunner.java:741)
at org.testng.TestRunner.run(TestRunner.java:616)
at org.testng.SuiteRunner.runTest(SuiteRunner.java:421)
at org.testng.SuiteRunner.runSequentially(SuiteRunner.java:413)
at org.testng.SuiteRunner.privateRun(SuiteRunner.java:373)
at org.testng.SuiteRunner.run(SuiteRunner.java:312)
at org.testng.SuiteRunnerWorker.runSuite(SuiteRunnerWorker.java:52)
at org.testng.SuiteRunnerWorker.run(SuiteRunnerWorker.java:95)
at org.testng.TestNG.runSuitesSequentially(TestNG.java:1274)
at org.testng.TestNG.runSuitesLocally(TestNG.java:1208)
at org.testng.TestNG.runSuites(TestNG.java:1112)
at org.testng.TestNG.run(TestNG.java:1079)
at org.testng.remote.AbstractRemoteTestNG.run(AbstractRemoteTestNG.java:115)
at org.testng.remote.RemoteTestNG.initAndRun(RemoteTestNG.java:293)
at org.testng.remote.RemoteTestNG.main(RemoteTestNG.java:91)
]]>
            </full-stacktrace>
          </exception> <!-- java.lang.Throwable -->
          <reporter-output>
          </reporter-output>
        </test-method> <!-- enterAddressEmail -->
        <test-method signature="enterStreetAddress()[pri:32, instance:test.BagistoStepByStepTest@587e5365]" started-at="2025-11-02T23:13:43 IST" name="enterStreetAddress" finished-at="2025-11-02T23:13:43 IST" depends-on-methods="test.BagistoStepByStepTest.enterAddressEmail" duration-ms="0" status="SKIP">
          <exception class="java.lang.Throwable">
            <message>
              <![CDATA[Method test.BagistoStepByStepTest.enterStreetAddress() on instance test.BagistoStepByStepTest@587e5365 depends on not successfully finished methods 
[test.BagistoStepByStepTest.enterAddressEmail() on instance test.BagistoStepByStepTest@587e5365]]]>
            </message>
            <full-stacktrace>
              <![CDATA[java.lang.Throwable: Method test.BagistoStepByStepTest.enterStreetAddress() on instance test.BagistoStepByStepTest@587e5365 depends on not successfully finished methods 
[test.BagistoStepByStepTest.enterAddressEmail() on instance test.BagistoStepByStepTest@587e5365]
at org.testng.internal.invokers.TestInvoker.invokeTestMethods(TestInvoker.java:159)
at org.testng.internal.invokers.TestMethodWorker.invokeTestMethods(TestMethodWorker.java:154)
at org.testng.internal.invokers.TestMethodWorker.run(TestMethodWorker.java:134)
at java.base/java.util.ArrayList.forEach(ArrayList.java:1596)
at org.testng.TestRunner.privateRun(TestRunner.java:741)
at org.testng.TestRunner.run(TestRunner.java:616)
at org.testng.SuiteRunner.runTest(SuiteRunner.java:421)
at org.testng.SuiteRunner.runSequentially(SuiteRunner.java:413)
at org.testng.SuiteRunner.privateRun(SuiteRunner.java:373)
at org.testng.SuiteRunner.run(SuiteRunner.java:312)
at org.testng.SuiteRunnerWorker.runSuite(SuiteRunnerWorker.java:52)
at org.testng.SuiteRunnerWorker.run(SuiteRunnerWorker.java:95)
at org.testng.TestNG.runSuitesSequentially(TestNG.java:1274)
at org.testng.TestNG.runSuitesLocally(TestNG.java:1208)
at org.testng.TestNG.runSuites(TestNG.java:1112)
at org.testng.TestNG.run(TestNG.java:1079)
at org.testng.remote.AbstractRemoteTestNG.run(AbstractRemoteTestNG.java:115)
at org.testng.remote.RemoteTestNG.initAndRun(RemoteTestNG.java:293)
at org.testng.remote.RemoteTestNG.main(RemoteTestNG.java:91)
]]>
            </full-stacktrace>
          </exception> <!-- java.lang.Throwable -->
          <reporter-output>
          </reporter-output>
        </test-method> <!-- enterStreetAddress -->
        <test-method signature="selectCountry()[pri:33, instance:test.BagistoStepByStepTest@587e5365]" started-at="2025-11-02T23:13:43 IST" name="selectCountry" finished-at="2025-11-02T23:13:43 IST" depends-on-methods="test.BagistoStepByStepTest.enterStreetAddress" duration-ms="0" status="SKIP">
          <exception class="java.lang.Throwable">
            <message>
              <![CDATA[Method test.BagistoStepByStepTest.selectCountry() on instance test.BagistoStepByStepTest@587e5365 depends on not successfully finished methods 
[test.BagistoStepByStepTest.enterStreetAddress() on instance test.BagistoStepByStepTest@587e5365]]]>
            </message>
            <full-stacktrace>
              <![CDATA[java.lang.Throwable: Method test.BagistoStepByStepTest.selectCountry() on instance test.BagistoStepByStepTest@587e5365 depends on not successfully finished methods 
[test.BagistoStepByStepTest.enterStreetAddress() on instance test.BagistoStepByStepTest@587e5365]
at org.testng.internal.invokers.TestInvoker.invokeTestMethods(TestInvoker.java:159)
at org.testng.internal.invokers.TestMethodWorker.invokeTestMethods(TestMethodWorker.java:154)
at org.testng.internal.invokers.TestMethodWorker.run(TestMethodWorker.java:134)
at java.base/java.util.ArrayList.forEach(ArrayList.java:1596)
at org.testng.TestRunner.privateRun(TestRunner.java:741)
at org.testng.TestRunner.run(TestRunner.java:616)
at org.testng.SuiteRunner.runTest(SuiteRunner.java:421)
at org.testng.SuiteRunner.runSequentially(SuiteRunner.java:413)
at org.testng.SuiteRunner.privateRun(SuiteRunner.java:373)
at org.testng.SuiteRunner.run(SuiteRunner.java:312)
at org.testng.SuiteRunnerWorker.runSuite(SuiteRunnerWorker.java:52)
at org.testng.SuiteRunnerWorker.run(SuiteRunnerWorker.java:95)
at org.testng.TestNG.runSuitesSequentially(TestNG.java:1274)
at org.testng.TestNG.runSuitesLocally(TestNG.java:1208)
at org.testng.TestNG.runSuites(TestNG.java:1112)
at org.testng.TestNG.run(TestNG.java:1079)
at org.testng.remote.AbstractRemoteTestNG.run(AbstractRemoteTestNG.java:115)
at org.testng.remote.RemoteTestNG.initAndRun(RemoteTestNG.java:293)
at org.testng.remote.RemoteTestNG.main(RemoteTestNG.java:91)
]]>
            </full-stacktrace>
          </exception> <!-- java.lang.Throwable -->
          <reporter-output>
          </reporter-output>
        </test-method> <!-- selectCountry -->
        <test-method signature="selectState()[pri:34, instance:test.BagistoStepByStepTest@587e5365]" started-at="2025-11-02T23:13:43 IST" name="selectState" finished-at="2025-11-02T23:13:43 IST" depends-on-methods="test.BagistoStepByStepTest.selectCountry" duration-ms="0" status="SKIP">
          <exception class="java.lang.Throwable">
            <message>
              <![CDATA[Method test.BagistoStepByStepTest.selectState() on instance test.BagistoStepByStepTest@587e5365 depends on not successfully finished methods 
[test.BagistoStepByStepTest.selectCountry() on instance test.BagistoStepByStepTest@587e5365]]]>
            </message>
            <full-stacktrace>
              <![CDATA[java.lang.Throwable: Method test.BagistoStepByStepTest.selectState() on instance test.BagistoStepByStepTest@587e5365 depends on not successfully finished methods 
[test.BagistoStepByStepTest.selectCountry() on instance test.BagistoStepByStepTest@587e5365]
at org.testng.internal.invokers.TestInvoker.invokeTestMethods(TestInvoker.java:159)
at org.testng.internal.invokers.TestMethodWorker.invokeTestMethods(TestMethodWorker.java:154)
at org.testng.internal.invokers.TestMethodWorker.run(TestMethodWorker.java:134)
at java.base/java.util.ArrayList.forEach(ArrayList.java:1596)
at org.testng.TestRunner.privateRun(TestRunner.java:741)
at org.testng.TestRunner.run(TestRunner.java:616)
at org.testng.SuiteRunner.runTest(SuiteRunner.java:421)
at org.testng.SuiteRunner.runSequentially(SuiteRunner.java:413)
at org.testng.SuiteRunner.privateRun(SuiteRunner.java:373)
at org.testng.SuiteRunner.run(SuiteRunner.java:312)
at org.testng.SuiteRunnerWorker.runSuite(SuiteRunnerWorker.java:52)
at org.testng.SuiteRunnerWorker.run(SuiteRunnerWorker.java:95)
at org.testng.TestNG.runSuitesSequentially(TestNG.java:1274)
at org.testng.TestNG.runSuitesLocally(TestNG.java:1208)
at org.testng.TestNG.runSuites(TestNG.java:1112)
at org.testng.TestNG.run(TestNG.java:1079)
at org.testng.remote.AbstractRemoteTestNG.run(AbstractRemoteTestNG.java:115)
at org.testng.remote.RemoteTestNG.initAndRun(RemoteTestNG.java:293)
at org.testng.remote.RemoteTestNG.main(RemoteTestNG.java:91)
]]>
            </full-stacktrace>
          </exception> <!-- java.lang.Throwable -->
          <reporter-output>
          </reporter-output>
        </test-method> <!-- selectState -->
        <test-method signature="enterPostCode()[pri:36, instance:test.BagistoStepByStepTest@587e5365]" started-at="2025-11-02T23:13:43 IST" name="enterPostCode" finished-at="2025-11-02T23:13:43 IST" depends-on-methods="test.BagistoStepByStepTest.enterCity" duration-ms="0" status="SKIP">
          <exception class="java.lang.Throwable">
            <message>
              <![CDATA[Method test.BagistoStepByStepTest.enterPostCode() on instance test.BagistoStepByStepTest@587e5365 depends on not successfully finished methods 
[test.BagistoStepByStepTest.enterCity() on instance test.BagistoStepByStepTest@587e5365]]]>
            </message>
            <full-stacktrace>
              <![CDATA[java.lang.Throwable: Method test.BagistoStepByStepTest.enterPostCode() on instance test.BagistoStepByStepTest@587e5365 depends on not successfully finished methods 
[test.BagistoStepByStepTest.enterCity() on instance test.BagistoStepByStepTest@587e5365]
at org.testng.internal.invokers.TestInvoker.invokeTestMethods(TestInvoker.java:159)
at org.testng.internal.invokers.TestMethodWorker.invokeTestMethods(TestMethodWorker.java:154)
at org.testng.internal.invokers.TestMethodWorker.run(TestMethodWorker.java:134)
at java.base/java.util.ArrayList.forEach(ArrayList.java:1596)
at org.testng.TestRunner.privateRun(TestRunner.java:741)
at org.testng.TestRunner.run(TestRunner.java:616)
at org.testng.SuiteRunner.runTest(SuiteRunner.java:421)
at org.testng.SuiteRunner.runSequentially(SuiteRunner.java:413)
at org.testng.SuiteRunner.privateRun(SuiteRunner.java:373)
at org.testng.SuiteRunner.run(SuiteRunner.java:312)
at org.testng.SuiteRunnerWorker.runSuite(SuiteRunnerWorker.java:52)
at org.testng.SuiteRunnerWorker.run(SuiteRunnerWorker.java:95)
at org.testng.TestNG.runSuitesSequentially(TestNG.java:1274)
at org.testng.TestNG.runSuitesLocally(TestNG.java:1208)
at org.testng.TestNG.runSuites(TestNG.java:1112)
at org.testng.TestNG.run(TestNG.java:1079)
at org.testng.remote.AbstractRemoteTestNG.run(AbstractRemoteTestNG.java:115)
at org.testng.remote.RemoteTestNG.initAndRun(RemoteTestNG.java:293)
at org.testng.remote.RemoteTestNG.main(RemoteTestNG.java:91)
]]>
            </full-stacktrace>
          </exception> <!-- java.lang.Throwable -->
          <reporter-output>
          </reporter-output>
        </test-method> <!-- enterPostCode -->
        <test-method signature="enterCity()[pri:35, instance:test.BagistoStepByStepTest@587e5365]" started-at="2025-11-02T23:13:43 IST" name="enterCity" finished-at="2025-11-02T23:13:43 IST" depends-on-methods="test.BagistoStepByStepTest.selectState" duration-ms="0" status="SKIP">
          <exception class="java.lang.Throwable">
            <message>
              <![CDATA[Method test.BagistoStepByStepTest.enterCity() on instance test.BagistoStepByStepTest@587e5365 depends on not successfully finished methods 
[test.BagistoStepByStepTest.selectState() on instance test.BagistoStepByStepTest@587e5365]]]>
            </message>
            <full-stacktrace>
              <![CDATA[java.lang.Throwable: Method test.BagistoStepByStepTest.enterCity() on instance test.BagistoStepByStepTest@587e5365 depends on not successfully finished methods 
[test.BagistoStepByStepTest.selectState() on instance test.BagistoStepByStepTest@587e5365]
at org.testng.internal.invokers.TestInvoker.invokeTestMethods(TestInvoker.java:159)
at org.testng.internal.invokers.TestMethodWorker.invokeTestMethods(TestMethodWorker.java:154)
at org.testng.internal.invokers.TestMethodWorker.run(TestMethodWorker.java:134)
at java.base/java.util.ArrayList.forEach(ArrayList.java:1596)
at org.testng.TestRunner.privateRun(TestRunner.java:741)
at org.testng.TestRunner.run(TestRunner.java:616)
at org.testng.SuiteRunner.runTest(SuiteRunner.java:421)
at org.testng.SuiteRunner.runSequentially(SuiteRunner.java:413)
at org.testng.SuiteRunner.privateRun(SuiteRunner.java:373)
at org.testng.SuiteRunner.run(SuiteRunner.java:312)
at org.testng.SuiteRunnerWorker.runSuite(SuiteRunnerWorker.java:52)
at org.testng.SuiteRunnerWorker.run(SuiteRunnerWorker.java:95)
at org.testng.TestNG.runSuitesSequentially(TestNG.java:1274)
at org.testng.TestNG.runSuitesLocally(TestNG.java:1208)
at org.testng.TestNG.runSuites(TestNG.java:1112)
at org.testng.TestNG.run(TestNG.java:1079)
at org.testng.remote.AbstractRemoteTestNG.run(AbstractRemoteTestNG.java:115)
at org.testng.remote.RemoteTestNG.initAndRun(RemoteTestNG.java:293)
at org.testng.remote.RemoteTestNG.main(RemoteTestNG.java:91)
]]>
            </full-stacktrace>
          </exception> <!-- java.lang.Throwable -->
          <reporter-output>
          </reporter-output>
        </test-method> <!-- enterCity -->
        <test-method signature="enterPhone()[pri:37, instance:test.BagistoStepByStepTest@587e5365]" started-at="2025-11-02T23:13:43 IST" name="enterPhone" finished-at="2025-11-02T23:13:43 IST" depends-on-methods="test.BagistoStepByStepTest.enterPostCode" duration-ms="0" status="SKIP">
          <exception class="java.lang.Throwable">
            <message>
              <![CDATA[Method test.BagistoStepByStepTest.enterPhone() on instance test.BagistoStepByStepTest@587e5365 depends on not successfully finished methods 
[test.BagistoStepByStepTest.enterPostCode() on instance test.BagistoStepByStepTest@587e5365]]]>
            </message>
            <full-stacktrace>
              <![CDATA[java.lang.Throwable: Method test.BagistoStepByStepTest.enterPhone() on instance test.BagistoStepByStepTest@587e5365 depends on not successfully finished methods 
[test.BagistoStepByStepTest.enterPostCode() on instance test.BagistoStepByStepTest@587e5365]
at org.testng.internal.invokers.TestInvoker.invokeTestMethods(TestInvoker.java:159)
at org.testng.internal.invokers.TestMethodWorker.invokeTestMethods(TestMethodWorker.java:154)
at org.testng.internal.invokers.TestMethodWorker.run(TestMethodWorker.java:134)
at java.base/java.util.ArrayList.forEach(ArrayList.java:1596)
at org.testng.TestRunner.privateRun(TestRunner.java:741)
at org.testng.TestRunner.run(TestRunner.java:616)
at org.testng.SuiteRunner.runTest(SuiteRunner.java:421)
at org.testng.SuiteRunner.runSequentially(SuiteRunner.java:413)
at org.testng.SuiteRunner.privateRun(SuiteRunner.java:373)
at org.testng.SuiteRunner.run(SuiteRunner.java:312)
at org.testng.SuiteRunnerWorker.runSuite(SuiteRunnerWorker.java:52)
at org.testng.SuiteRunnerWorker.run(SuiteRunnerWorker.java:95)
at org.testng.TestNG.runSuitesSequentially(TestNG.java:1274)
at org.testng.TestNG.runSuitesLocally(TestNG.java:1208)
at org.testng.TestNG.runSuites(TestNG.java:1112)
at org.testng.TestNG.run(TestNG.java:1079)
at org.testng.remote.AbstractRemoteTestNG.run(AbstractRemoteTestNG.java:115)
at org.testng.remote.RemoteTestNG.initAndRun(RemoteTestNG.java:293)
at org.testng.remote.RemoteTestNG.main(RemoteTestNG.java:91)
]]>
            </full-stacktrace>
          </exception> <!-- java.lang.Throwable -->
          <reporter-output>
          </reporter-output>
        </test-method> <!-- enterPhone -->
        <test-method signature="clickSaveAddressBtn()[pri:38, instance:test.BagistoStepByStepTest@587e5365]" started-at="2025-11-02T23:13:43 IST" name="clickSaveAddressBtn" finished-at="2025-11-02T23:13:43 IST" depends-on-methods="test.BagistoStepByStepTest.enterPhone" duration-ms="0" status="SKIP">
          <exception class="java.lang.Throwable">
            <message>
              <![CDATA[Method test.BagistoStepByStepTest.clickSaveAddressBtn() on instance test.BagistoStepByStepTest@587e5365 depends on not successfully finished methods 
[test.BagistoStepByStepTest.enterPhone() on instance test.BagistoStepByStepTest@587e5365]]]>
            </message>
            <full-stacktrace>
              <![CDATA[java.lang.Throwable: Method test.BagistoStepByStepTest.clickSaveAddressBtn() on instance test.BagistoStepByStepTest@587e5365 depends on not successfully finished methods 
[test.BagistoStepByStepTest.enterPhone() on instance test.BagistoStepByStepTest@587e5365]
at org.testng.internal.invokers.TestInvoker.invokeTestMethods(TestInvoker.java:159)
at org.testng.internal.invokers.TestMethodWorker.invokeTestMethods(TestMethodWorker.java:154)
at org.testng.internal.invokers.TestMethodWorker.run(TestMethodWorker.java:134)
at java.base/java.util.ArrayList.forEach(ArrayList.java:1596)
at org.testng.TestRunner.privateRun(TestRunner.java:741)
at org.testng.TestRunner.run(TestRunner.java:616)
at org.testng.SuiteRunner.runTest(SuiteRunner.java:421)
at org.testng.SuiteRunner.runSequentially(SuiteRunner.java:413)
at org.testng.SuiteRunner.privateRun(SuiteRunner.java:373)
at org.testng.SuiteRunner.run(SuiteRunner.java:312)
at org.testng.SuiteRunnerWorker.runSuite(SuiteRunnerWorker.java:52)
at org.testng.SuiteRunnerWorker.run(SuiteRunnerWorker.java:95)
at org.testng.TestNG.runSuitesSequentially(TestNG.java:1274)
at org.testng.TestNG.runSuitesLocally(TestNG.java:1208)
at org.testng.TestNG.runSuites(TestNG.java:1112)
at org.testng.TestNG.run(TestNG.java:1079)
at org.testng.remote.AbstractRemoteTestNG.run(AbstractRemoteTestNG.java:115)
at org.testng.remote.RemoteTestNG.initAndRun(RemoteTestNG.java:293)
at org.testng.remote.RemoteTestNG.main(RemoteTestNG.java:91)
]]>
            </full-stacktrace>
          </exception> <!-- java.lang.Throwable -->
          <reporter-output>
          </reporter-output>
        </test-method> <!-- clickSaveAddressBtn -->
        <test-method is-config="true" signature="tearDown()[pri:0, instance:test.BagistoStepByStepTest@587e5365]" started-at="2025-11-02T23:13:43 IST" name="tearDown" finished-at="2025-11-02T23:13:43 IST" duration-ms="72" status="PASS">
          <reporter-output>
          </reporter-output>
        </test-method> <!-- tearDown -->
      </class> <!-- test.BagistoStepByStepTest -->
    </test> <!-- Test -->
  </suite> <!-- Suite -->
</testng-results>
